{"/home/cristian/GITRepositories/whisperscribe/src/providers/gemini.ts": {"path":"/home/cristian/GITRepositories/whisperscribe/src/providers/gemini.ts","statementMap":{"0":{"start":{"line":6,"column":0},"end":{"line":6,"column":45}},"1":{"start":{"line":8,"column":0},"end":{"line":8,"column":null}},"2":{"start":{"line":29,"column":21},"end":{"line":29,"column":53}},"3":{"start":{"line":30,"column":16},"end":{"line":30,"column":48}},"4":{"start":{"line":32,"column":18},"end":{"line":32,"column":45}},"5":{"start":{"line":34,"column":16},"end":{"line":34,"column":134}},"6":{"start":{"line":36,"column":21},"end":{"line":64,"column":3}},"7":{"start":{"line":67,"column":1},"end":{"line":78,"column":null}},"8":{"start":{"line":68,"column":2},"end":{"line":75,"column":5}},"9":{"start":{"line":77,"column":2},"end":{"line":77,"column":53}},"10":{"start":{"line":80,"column":1},"end":{"line":90,"column":null}},"11":{"start":{"line":81,"column":21},"end":{"line":81,"column":43}},"12":{"start":{"line":82,"column":2},"end":{"line":88,"column":null}},"13":{"start":{"line":83,"column":21},"end":{"line":83,"column":46}},"14":{"start":{"line":84,"column":3},"end":{"line":84,"column":59}},"15":{"start":{"line":87,"column":3},"end":{"line":87,"column":48}},"16":{"start":{"line":89,"column":2},"end":{"line":89,"column":76}},"17":{"start":{"line":92,"column":14},"end":{"line":92,"column":39}},"18":{"start":{"line":94,"column":1},"end":{"line":96,"column":null}},"19":{"start":{"line":95,"column":2},"end":{"line":95,"column":59}},"20":{"start":{"line":98,"column":22},"end":{"line":98,"column":62}},"21":{"start":{"line":101,"column":29},"end":{"line":101,"column":104}},"22":{"start":{"line":102,"column":22},"end":{"line":102,"column":77}},"23":{"start":{"line":105,"column":1},"end":{"line":115,"column":null}},"24":{"start":{"line":106,"column":44},"end":{"line":106,"column":90}},"25":{"start":{"line":107,"column":2},"end":{"line":107,"column":43}},"26":{"start":{"line":110,"column":2},"end":{"line":114,"column":null}},"27":{"start":{"line":111,"column":3},"end":{"line":111,"column":94}},"28":{"start":{"line":113,"column":3},"end":{"line":113,"column":123}},"29":{"start":{"line":117,"column":1},"end":{"line":117,"column":21}},"30":{"start":{"line":24,"column":0},"end":{"line":24,"column":22}}},"fnMap":{"0":{"name":"transcribeWithGemini","decl":{"start":{"line":24,"column":22},"end":{"line":24,"column":42}},"loc":{"start":{"line":27,"column":9},"end":{"line":118,"column":null}}}},"branchMap":{"0":{"loc":{"start":{"line":80,"column":1},"end":{"line":90,"column":null}},"type":"if","locations":[{"start":{"line":80,"column":1},"end":{"line":90,"column":null}},{"start":{},"end":{}}]},"1":{"loc":{"start":{"line":84,"column":18},"end":{"line":84,"column":58}},"type":"binary-expr","locations":[{"start":{"line":84,"column":18},"end":{"line":84,"column":42}},{"start":{"line":84,"column":46},"end":{"line":84,"column":58}}]},"2":{"loc":{"start":{"line":84,"column":18},"end":{"line":84,"column":42}},"type":"cond-expr","locations":[{"start":{"line":84,"column":33},"end":{"line":84,"column":35}},{"start":{"line":84,"column":33},"end":{"line":84,"column":42}}]},"3":{"loc":{"start":{"line":84,"column":18},"end":{"line":84,"column":35}},"type":"binary-expr","locations":[{"start":{"line":84,"column":18},"end":{"line":84,"column":35}},{"start":{"line":84,"column":33},"end":{"line":84,"column":35}}]},"4":{"loc":{"start":{"line":87,"column":18},"end":{"line":87,"column":47}},"type":"binary-expr","locations":[{"start":{"line":87,"column":18},"end":{"line":87,"column":31}},{"start":{"line":87,"column":35},"end":{"line":87,"column":47}}]},"5":{"loc":{"start":{"line":94,"column":1},"end":{"line":96,"column":null}},"type":"if","locations":[{"start":{"line":94,"column":1},"end":{"line":96,"column":null}},{"start":{},"end":{}}]},"6":{"loc":{"start":{"line":94,"column":5},"end":{"line":94,"column":73}},"type":"binary-expr","locations":[{"start":{"line":94,"column":5},"end":{"line":94,"column":21}},{"start":{"line":94,"column":25},"end":{"line":94,"column":73}}]},"7":{"loc":{"start":{"line":94,"column":26},"end":{"line":94,"column":71}},"type":"cond-expr","locations":[{"start":{"line":94,"column":65},"end":{"line":94,"column":67}},{"start":{"line":94,"column":65},"end":{"line":94,"column":71}}]},"8":{"loc":{"start":{"line":94,"column":26},"end":{"line":94,"column":67}},"type":"binary-expr","locations":[{"start":{"line":94,"column":26},"end":{"line":94,"column":67}},{"start":{"line":94,"column":65},"end":{"line":94,"column":67}}]},"9":{"loc":{"start":{"line":94,"column":26},"end":{"line":94,"column":65}},"type":"cond-expr","locations":[{"start":{"line":94,"column":60},"end":{"line":94,"column":63}},{"start":{"line":94,"column":60},"end":{"line":94,"column":65}}]},"10":{"loc":{"start":{"line":94,"column":26},"end":{"line":94,"column":63}},"type":"binary-expr","locations":[{"start":{"line":94,"column":26},"end":{"line":94,"column":63}},{"start":{"line":94,"column":60},"end":{"line":94,"column":63}}]},"11":{"loc":{"start":{"line":94,"column":26},"end":{"line":94,"column":60}},"type":"cond-expr","locations":[{"start":{"line":94,"column":53},"end":{"line":94,"column":55}},{"start":{"line":94,"column":53},"end":{"line":94,"column":60}}]},"12":{"loc":{"start":{"line":94,"column":26},"end":{"line":94,"column":55}},"type":"binary-expr","locations":[{"start":{"line":94,"column":26},"end":{"line":94,"column":55}},{"start":{"line":94,"column":53},"end":{"line":94,"column":55}}]},"13":{"loc":{"start":{"line":94,"column":26},"end":{"line":94,"column":53}},"type":"cond-expr","locations":[{"start":{"line":94,"column":44},"end":{"line":94,"column":46}},{"start":{"line":94,"column":44},"end":{"line":94,"column":53}}]},"14":{"loc":{"start":{"line":94,"column":26},"end":{"line":94,"column":46}},"type":"binary-expr","locations":[{"start":{"line":94,"column":26},"end":{"line":94,"column":46}},{"start":{"line":94,"column":44},"end":{"line":94,"column":46}}]},"15":{"loc":{"start":{"line":101,"column":29},"end":{"line":101,"column":104}},"type":"binary-expr","locations":[{"start":{"line":101,"column":29},"end":{"line":101,"column":52}},{"start":{"line":101,"column":56},"end":{"line":101,"column":76}},{"start":{"line":101,"column":80},"end":{"line":101,"column":104}}]},"16":{"loc":{"start":{"line":105,"column":1},"end":{"line":115,"column":null}},"type":"if","locations":[{"start":{"line":105,"column":1},"end":{"line":115,"column":null}},{"start":{},"end":{}}]},"17":{"loc":{"start":{"line":110,"column":2},"end":{"line":114,"column":null}},"type":"if","locations":[{"start":{"line":110,"column":2},"end":{"line":114,"column":null}},{"start":{},"end":{}}]}},"s":{"0":1,"1":1,"2":10,"3":10,"4":10,"5":10,"6":10,"7":10,"8":10,"9":1,"10":9,"11":1,"12":1,"13":1,"14":1,"15":0,"16":1,"17":8,"18":8,"19":1,"20":7,"21":7,"22":7,"23":7,"24":7,"25":7,"26":7,"27":0,"28":0,"29":7,"30":1},"f":{"0":10},"b":{"0":[1,8],"1":[1,0],"2":[0,1],"3":[1,1],"4":[0,0],"5":[1,7],"6":[8,8],"7":[1,7],"8":[8,8],"9":[1,7],"10":[8,8],"11":[1,7],"12":[8,8],"13":[1,7],"14":[8,8],"15":[7,1,1],"16":[7,0],"17":[0,7]}}
,"/home/cristian/GITRepositories/whisperscribe/src/providers/openai.ts": {"path":"/home/cristian/GITRepositories/whisperscribe/src/providers/openai.ts","statementMap":{"0":{"start":{"line":8,"column":0},"end":{"line":8,"column":null}},"1":{"start":{"line":28,"column":21},"end":{"line":28,"column":53}},"2":{"start":{"line":29,"column":14},"end":{"line":29,"column":76}},"3":{"start":{"line":31,"column":18},"end":{"line":31,"column":32}},"4":{"start":{"line":32,"column":1},"end":{"line":32,"column":42}},"5":{"start":{"line":33,"column":1},"end":{"line":33,"column":48}},"6":{"start":{"line":35,"column":1},"end":{"line":35,"column":204}},"7":{"start":{"line":37,"column":1},"end":{"line":37,"column":39}},"8":{"start":{"line":39,"column":16},"end":{"line":39,"column":64}},"9":{"start":{"line":41,"column":18},"end":{"line":47,"column":3}},"10":{"start":{"line":49,"column":1},"end":{"line":52,"column":null}},"11":{"start":{"line":50,"column":20},"end":{"line":50,"column":41}},"12":{"start":{"line":51,"column":2},"end":{"line":51,"column":82}},"13":{"start":{"line":54,"column":14},"end":{"line":54,"column":35}},"14":{"start":{"line":55,"column":21},"end":{"line":55,"column":30}},"15":{"start":{"line":58,"column":43},"end":{"line":58,"column":76}},"16":{"start":{"line":59,"column":1},"end":{"line":59,"column":29}},"17":{"start":{"line":62,"column":1},"end":{"line":65,"column":null}},"18":{"start":{"line":63,"column":2},"end":{"line":63,"column":100}},"19":{"start":{"line":64,"column":2},"end":{"line":64,"column":109}},"20":{"start":{"line":67,"column":1},"end":{"line":72,"column":null}},"21":{"start":{"line":68,"column":17},"end":{"line":68,"column":72}},"22":{"start":{"line":69,"column":2},"end":{"line":69,"column":38}},"23":{"start":{"line":71,"column":2},"end":{"line":71,"column":27}},"24":{"start":{"line":23,"column":0},"end":{"line":23,"column":22}},"25":{"start":{"line":86,"column":20},"end":{"line":93,"column":18}},"26":{"start":{"line":95,"column":1},"end":{"line":97,"column":null}},"27":{"start":{"line":96,"column":2},"end":{"line":96,"column":12}},"28":{"start":{"line":99,"column":16},"end":{"line":99,"column":60}},"29":{"start":{"line":101,"column":18},"end":{"line":127,"column":3}},"30":{"start":{"line":129,"column":1},"end":{"line":131,"column":null}},"31":{"start":{"line":130,"column":2},"end":{"line":130,"column":60}},"32":{"start":{"line":133,"column":14},"end":{"line":133,"column":35}},"33":{"start":{"line":134,"column":25},"end":{"line":134,"column":56}},"34":{"start":{"line":137,"column":1},"end":{"line":137,"column":45}}},"fnMap":{"0":{"name":"transcribeWithOpenAI","decl":{"start":{"line":23,"column":22},"end":{"line":23,"column":42}},"loc":{"start":{"line":26,"column":9},"end":{"line":73,"column":null}}},"1":{"name":"generateExtrasWithOpenAI","decl":{"start":{"line":82,"column":15},"end":{"line":82,"column":39}},"loc":{"start":{"line":84,"column":34},"end":{"line":138,"column":null}}}},"branchMap":{"0":{"loc":{"start":{"line":49,"column":1},"end":{"line":52,"column":null}},"type":"if","locations":[{"start":{"line":49,"column":1},"end":{"line":52,"column":null}},{"start":{},"end":{}}]},"1":{"loc":{"start":{"line":51,"column":18},"end":{"line":51,"column":80}},"type":"binary-expr","locations":[{"start":{"line":51,"column":18},"end":{"line":51,"column":42}},{"start":{"line":51,"column":46},"end":{"line":51,"column":80}}]},"2":{"loc":{"start":{"line":51,"column":18},"end":{"line":51,"column":42}},"type":"cond-expr","locations":[{"start":{"line":51,"column":33},"end":{"line":51,"column":35}},{"start":{"line":51,"column":33},"end":{"line":51,"column":42}}]},"3":{"loc":{"start":{"line":51,"column":18},"end":{"line":51,"column":35}},"type":"binary-expr","locations":[{"start":{"line":51,"column":18},"end":{"line":51,"column":35}},{"start":{"line":51,"column":33},"end":{"line":51,"column":35}}]},"4":{"loc":{"start":{"line":62,"column":1},"end":{"line":65,"column":null}},"type":"if","locations":[{"start":{"line":62,"column":1},"end":{"line":65,"column":null}},{"start":{},"end":{}}]},"5":{"loc":{"start":{"line":67,"column":1},"end":{"line":72,"column":null}},"type":"if","locations":[{"start":{"line":67,"column":1},"end":{"line":72,"column":null}},{"start":{"line":70,"column":8},"end":{"line":72,"column":null}}]},"6":{"loc":{"start":{"line":67,"column":5},"end":{"line":67,"column":80}},"type":"binary-expr","locations":[{"start":{"line":67,"column":5},"end":{"line":67,"column":28}},{"start":{"line":67,"column":32},"end":{"line":67,"column":52}},{"start":{"line":67,"column":56},"end":{"line":67,"column":80}}]},"7":{"loc":{"start":{"line":95,"column":1},"end":{"line":97,"column":null}},"type":"if","locations":[{"start":{"line":95,"column":1},"end":{"line":97,"column":null}},{"start":{},"end":{}}]},"8":{"loc":{"start":{"line":110,"column":8},"end":{"line":116,"column":11}},"type":"cond-expr","locations":[{"start":{"line":110,"column":127},"end":{"line":116,"column":6}},{"start":{"line":116,"column":9},"end":{"line":116,"column":11}}]},"9":{"loc":{"start":{"line":110,"column":8},"end":{"line":110,"column":124}},"type":"binary-expr","locations":[{"start":{"line":110,"column":8},"end":{"line":110,"column":32}},{"start":{"line":110,"column":36},"end":{"line":110,"column":80}},{"start":{"line":110,"column":84},"end":{"line":110,"column":124}}]},"10":{"loc":{"start":{"line":113,"column":6},"end":{"line":114,"column":null}},"type":"cond-expr","locations":[{"start":{"line":113,"column":46},"end":{"line":113,"column":69}},{"start":{"line":114,"column":6},"end":{"line":114,"column":null}}]},"11":{"loc":{"start":{"line":122,"column":15},"end":{"line":124,"column":51}},"type":"cond-expr","locations":[{"start":{"line":122,"column":52},"end":{"line":122,"column":55}},{"start":{"line":123,"column":4},"end":{"line":124,"column":51}}]},"12":{"loc":{"start":{"line":123,"column":4},"end":{"line":124,"column":51}},"type":"cond-expr","locations":[{"start":{"line":123,"column":42},"end":{"line":123,"column":45}},{"start":{"line":124,"column":4},"end":{"line":124,"column":51}}]},"13":{"loc":{"start":{"line":124,"column":4},"end":{"line":124,"column":51}},"type":"cond-expr","locations":[{"start":{"line":124,"column":42},"end":{"line":124,"column":45}},{"start":{"line":124,"column":48},"end":{"line":124,"column":51}}]},"14":{"loc":{"start":{"line":129,"column":1},"end":{"line":131,"column":null}},"type":"if","locations":[{"start":{"line":129,"column":1},"end":{"line":131,"column":null}},{"start":{},"end":{}}]}},"s":{"0":1,"1":10,"2":10,"3":10,"4":10,"5":10,"6":10,"7":10,"8":10,"9":10,"10":10,"11":1,"12":1,"13":9,"14":9,"15":9,"16":9,"17":9,"18":0,"19":0,"20":9,"21":8,"22":7,"23":1,"24":1,"25":8,"26":8,"27":0,"28":8,"29":8,"30":8,"31":1,"32":7,"33":7,"34":7},"f":{"0":10,"1":8},"b":{"0":[1,9],"1":[1,0],"2":[0,1],"3":[1,1],"4":[0,9],"5":[8,1],"6":[9,1,1],"7":[0,8],"8":[0,8],"9":[8,0,0],"10":[0,0],"11":[0,8],"12":[8,0],"13":[0,0],"14":[1,7]}}
,"/home/cristian/GITRepositories/whisperscribe/src/settings/SettingsTab.ts": {"path":"/home/cristian/GITRepositories/whisperscribe/src/settings/SettingsTab.ts","statementMap":{"0":{"start":{"line":1,"column":0},"end":{"line":1,"column":58}},"1":{"start":{"line":2,"column":0},"end":{"line":2,"column":112}},"2":{"start":{"line":3,"column":0},"end":{"line":3,"column":45}},"3":{"start":{"line":10,"column":2},"end":{"line":10,"column":21}},"4":{"start":{"line":11,"column":2},"end":{"line":11,"column":23}},"5":{"start":{"line":18,"column":17},"end":{"line":18,"column":74}},"6":{"start":{"line":19,"column":2},"end":{"line":19,"column":27}},"7":{"start":{"line":19,"column":15},"end":{"line":19,"column":27}},"8":{"start":{"line":20,"column":2},"end":{"line":20,"column":60}},"9":{"start":{"line":20,"column":30},"end":{"line":20,"column":50}},"10":{"start":{"line":32,"column":17},"end":{"line":32,"column":74}},"11":{"start":{"line":33,"column":2},"end":{"line":33,"column":22}},"12":{"start":{"line":33,"column":15},"end":{"line":33,"column":22}},"13":{"start":{"line":36,"column":2},"end":{"line":48,"column":6}},"14":{"start":{"line":40,"column":4},"end":{"line":42,"column":7}},"15":{"start":{"line":41,"column":5},"end":{"line":41,"column":46}},"16":{"start":{"line":43,"column":4},"end":{"line":47,"column":8}},"17":{"start":{"line":44,"column":31},"end":{"line":47,"column":7}},"18":{"start":{"line":45,"column":6},"end":{"line":45,"column":33}},"19":{"start":{"line":46,"column":6},"end":{"line":46,"column":21}},"20":{"start":{"line":51,"column":24},"end":{"line":51,"column":74}},"21":{"start":{"line":52,"column":2},"end":{"line":66,"column":null}},"22":{"start":{"line":53,"column":18},"end":{"line":56,"column":5}},"23":{"start":{"line":57,"column":3},"end":{"line":57,"column":44}},"24":{"start":{"line":58,"column":3},"end":{"line":58,"column":32}},"25":{"start":{"line":59,"column":3},"end":{"line":59,"column":37}},"26":{"start":{"line":60,"column":3},"end":{"line":60,"column":38}},"27":{"start":{"line":62,"column":3},"end":{"line":65,"column":6}},"28":{"start":{"line":81,"column":2},"end":{"line":87,"column":35}},"29":{"start":{"line":84,"column":20},"end":{"line":87,"column":33}},"30":{"start":{"line":90,"column":2},"end":{"line":101,"column":8}},"31":{"start":{"line":93,"column":20},"end":{"line":101,"column":6}},"32":{"start":{"line":96,"column":30},"end":{"line":101,"column":6}},"33":{"start":{"line":97,"column":22},"end":{"line":97,"column":37}},"34":{"start":{"line":98,"column":5},"end":{"line":100,"column":null}},"35":{"start":{"line":99,"column":6},"end":{"line":99,"column":42}},"36":{"start":{"line":105,"column":24},"end":{"line":105,"column":28}},"37":{"start":{"line":107,"column":2},"end":{"line":107,"column":22}},"38":{"start":{"line":109,"column":2},"end":{"line":109,"column":63}},"39":{"start":{"line":111,"column":2},"end":{"line":124,"column":6}},"40":{"start":{"line":115,"column":4},"end":{"line":117,"column":7}},"41":{"start":{"line":116,"column":5},"end":{"line":116,"column":44}},"42":{"start":{"line":118,"column":4},"end":{"line":123,"column":8}},"43":{"start":{"line":119,"column":31},"end":{"line":123,"column":7}},"44":{"start":{"line":120,"column":6},"end":{"line":120,"column":51}},"45":{"start":{"line":121,"column":6},"end":{"line":121,"column":39}},"46":{"start":{"line":122,"column":6},"end":{"line":122,"column":21}},"47":{"start":{"line":126,"column":19},"end":{"line":126,"column":48}},"48":{"start":{"line":128,"column":2},"end":{"line":176,"column":null}},"49":{"start":{"line":129,"column":3},"end":{"line":138,"column":9}},"50":{"start":{"line":132,"column":21},"end":{"line":138,"column":7}},"51":{"start":{"line":135,"column":31},"end":{"line":138,"column":7}},"52":{"start":{"line":136,"column":6},"end":{"line":136,"column":42}},"53":{"start":{"line":137,"column":6},"end":{"line":137,"column":39}},"54":{"start":{"line":141,"column":3},"end":{"line":149,"column":5}},"55":{"start":{"line":145,"column":22},"end":{"line":148,"column":null}},"56":{"start":{"line":146,"column":5},"end":{"line":146,"column":46}},"57":{"start":{"line":147,"column":5},"end":{"line":147,"column":38}},"58":{"start":{"line":152,"column":3},"end":{"line":167,"column":null}},"59":{"start":{"line":153,"column":4},"end":{"line":166,"column":6}},"60":{"start":{"line":158,"column":20},"end":{"line":161,"column":null}},"61":{"start":{"line":159,"column":6},"end":{"line":159,"column":50}},"62":{"start":{"line":160,"column":6},"end":{"line":160,"column":39}},"63":{"start":{"line":162,"column":21},"end":{"line":165,"column":null}},"64":{"start":{"line":163,"column":6},"end":{"line":163,"column":57}},"65":{"start":{"line":164,"column":6},"end":{"line":164,"column":39}},"66":{"start":{"line":169,"column":3},"end":{"line":175,"column":6}},"67":{"start":{"line":178,"column":2},"end":{"line":226,"column":null}},"68":{"start":{"line":179,"column":3},"end":{"line":188,"column":9}},"69":{"start":{"line":182,"column":21},"end":{"line":188,"column":7}},"70":{"start":{"line":185,"column":31},"end":{"line":188,"column":7}},"71":{"start":{"line":186,"column":6},"end":{"line":186,"column":48}},"72":{"start":{"line":187,"column":6},"end":{"line":187,"column":39}},"73":{"start":{"line":191,"column":3},"end":{"line":199,"column":5}},"74":{"start":{"line":195,"column":22},"end":{"line":198,"column":null}},"75":{"start":{"line":196,"column":5},"end":{"line":196,"column":48}},"76":{"start":{"line":197,"column":5},"end":{"line":197,"column":38}},"77":{"start":{"line":202,"column":3},"end":{"line":217,"column":null}},"78":{"start":{"line":203,"column":4},"end":{"line":216,"column":6}},"79":{"start":{"line":208,"column":20},"end":{"line":211,"column":null}},"80":{"start":{"line":209,"column":6},"end":{"line":209,"column":52}},"81":{"start":{"line":210,"column":6},"end":{"line":210,"column":39}},"82":{"start":{"line":212,"column":21},"end":{"line":215,"column":null}},"83":{"start":{"line":213,"column":6},"end":{"line":213,"column":63}},"84":{"start":{"line":214,"column":6},"end":{"line":214,"column":39}},"85":{"start":{"line":219,"column":3},"end":{"line":225,"column":6}},"86":{"start":{"line":234,"column":2},"end":{"line":234,"column":58}},"87":{"start":{"line":236,"column":23},"end":{"line":236,"column":72}},"88":{"start":{"line":238,"column":2},"end":{"line":260,"column":null}},"89":{"start":{"line":239,"column":22},"end":{"line":241,"column":5}},"90":{"start":{"line":242,"column":3},"end":{"line":242,"column":48}},"91":{"start":{"line":243,"column":3},"end":{"line":243,"column":49}},"92":{"start":{"line":244,"column":3},"end":{"line":244,"column":41}},"93":{"start":{"line":245,"column":3},"end":{"line":245,"column":36}},"94":{"start":{"line":246,"column":3},"end":{"line":246,"column":42}},"95":{"start":{"line":248,"column":24},"end":{"line":248,"column":26}},"96":{"start":{"line":249,"column":3},"end":{"line":252,"column":null}},"97":{"start":{"line":250,"column":19},"end":{"line":250,"column":67}},"98":{"start":{"line":250,"column":68},"end":{"line":250,"column":74}},"99":{"start":{"line":251,"column":19},"end":{"line":251,"column":69}},"100":{"start":{"line":251,"column":70},"end":{"line":251,"column":76}},"101":{"start":{"line":253,"column":23},"end":{"line":253,"column":75}},"102":{"start":{"line":254,"column":23},"end":{"line":256,"column":5}},"103":{"start":{"line":257,"column":3},"end":{"line":257,"column":34}},"104":{"start":{"line":258,"column":3},"end":{"line":258,"column":40}},"105":{"start":{"line":259,"column":3},"end":{"line":259,"column":39}},"106":{"start":{"line":263,"column":25},"end":{"line":265,"column":137}},"107":{"start":{"line":267,"column":2},"end":{"line":284,"column":null}},"108":{"start":{"line":268,"column":3},"end":{"line":274,"column":8}},"109":{"start":{"line":268,"column":38},"end":{"line":274,"column":6}},"110":{"start":{"line":270,"column":30},"end":{"line":274,"column":6}},"111":{"start":{"line":271,"column":5},"end":{"line":271,"column":49}},"112":{"start":{"line":272,"column":5},"end":{"line":272,"column":38}},"113":{"start":{"line":273,"column":5},"end":{"line":273,"column":20}},"114":{"start":{"line":277,"column":3},"end":{"line":280,"column":null}},"115":{"start":{"line":278,"column":4},"end":{"line":278,"column":48}},"116":{"start":{"line":279,"column":4},"end":{"line":279,"column":31}},"117":{"start":{"line":281,"column":3},"end":{"line":283,"column":24}},"118":{"start":{"line":281,"column":38},"end":{"line":283,"column":22}},"119":{"start":{"line":286,"column":2},"end":{"line":363,"column":null}},"120":{"start":{"line":287,"column":3},"end":{"line":299,"column":9}},"121":{"start":{"line":290,"column":29},"end":{"line":299,"column":7}},"122":{"start":{"line":296,"column":31},"end":{"line":299,"column":7}},"123":{"start":{"line":297,"column":6},"end":{"line":297,"column":91}},"124":{"start":{"line":298,"column":6},"end":{"line":298,"column":39}},"125":{"start":{"line":302,"column":3},"end":{"line":348,"column":7}},"126":{"start":{"line":307,"column":5},"end":{"line":307,"column":58}},"127":{"start":{"line":308,"column":5},"end":{"line":308,"column":55}},"128":{"start":{"line":311,"column":48},"end":{"line":329,"column":7}},"129":{"start":{"line":331,"column":5},"end":{"line":333,"column":8}},"130":{"start":{"line":332,"column":6},"end":{"line":332,"column":37}},"131":{"start":{"line":335,"column":5},"end":{"line":335,"column":53}},"132":{"start":{"line":337,"column":5},"end":{"line":347,"column":9}},"133":{"start":{"line":338,"column":32},"end":{"line":347,"column":8}},"134":{"start":{"line":340,"column":7},"end":{"line":343,"column":null}},"135":{"start":{"line":341,"column":8},"end":{"line":341,"column":32}},"136":{"start":{"line":342,"column":8},"end":{"line":342,"column":33}},"137":{"start":{"line":344,"column":7},"end":{"line":344,"column":71}},"138":{"start":{"line":345,"column":7},"end":{"line":345,"column":40}},"139":{"start":{"line":346,"column":7},"end":{"line":346,"column":22}},"140":{"start":{"line":351,"column":3},"end":{"line":362,"column":null}},"141":{"start":{"line":352,"column":4},"end":{"line":361,"column":10}},"142":{"start":{"line":355,"column":22},"end":{"line":361,"column":8}},"143":{"start":{"line":358,"column":32},"end":{"line":361,"column":8}},"144":{"start":{"line":359,"column":7},"end":{"line":359,"column":51}},"145":{"start":{"line":360,"column":7},"end":{"line":360,"column":40}},"146":{"start":{"line":366,"column":22},"end":{"line":368,"column":141}},"147":{"start":{"line":370,"column":2},"end":{"line":386,"column":null}},"148":{"start":{"line":371,"column":3},"end":{"line":376,"column":8}},"149":{"start":{"line":371,"column":35},"end":{"line":376,"column":6}},"150":{"start":{"line":373,"column":30},"end":{"line":376,"column":6}},"151":{"start":{"line":374,"column":5},"end":{"line":374,"column":46}},"152":{"start":{"line":375,"column":5},"end":{"line":375,"column":38}},"153":{"start":{"line":379,"column":3},"end":{"line":382,"column":null}},"154":{"start":{"line":380,"column":4},"end":{"line":380,"column":45}},"155":{"start":{"line":381,"column":4},"end":{"line":381,"column":31}},"156":{"start":{"line":383,"column":3},"end":{"line":385,"column":24}},"157":{"start":{"line":383,"column":35},"end":{"line":385,"column":22}},"158":{"start":{"line":388,"column":2},"end":{"line":393,"column":null}},"159":{"start":{"line":389,"column":3},"end":{"line":392,"column":6}},"160":{"start":{"line":396,"column":25},"end":{"line":398,"column":178}},"161":{"start":{"line":400,"column":2},"end":{"line":416,"column":null}},"162":{"start":{"line":401,"column":3},"end":{"line":406,"column":8}},"163":{"start":{"line":401,"column":38},"end":{"line":406,"column":6}},"164":{"start":{"line":403,"column":30},"end":{"line":406,"column":6}},"165":{"start":{"line":404,"column":5},"end":{"line":404,"column":50}},"166":{"start":{"line":405,"column":5},"end":{"line":405,"column":38}},"167":{"start":{"line":409,"column":3},"end":{"line":412,"column":null}},"168":{"start":{"line":410,"column":4},"end":{"line":410,"column":49}},"169":{"start":{"line":411,"column":4},"end":{"line":411,"column":31}},"170":{"start":{"line":413,"column":3},"end":{"line":415,"column":24}},"171":{"start":{"line":413,"column":38},"end":{"line":415,"column":22}},"172":{"start":{"line":418,"column":2},"end":{"line":423,"column":null}},"173":{"start":{"line":419,"column":3},"end":{"line":422,"column":6}},"174":{"start":{"line":425,"column":2},"end":{"line":425,"column":53}},"175":{"start":{"line":427,"column":23},"end":{"line":429,"column":4}},"176":{"start":{"line":431,"column":2},"end":{"line":431,"column":101}},"177":{"start":{"line":432,"column":2},"end":{"line":432,"column":104}},"178":{"start":{"line":433,"column":2},"end":{"line":433,"column":84}},"179":{"start":{"line":434,"column":2},"end":{"line":434,"column":92}},"180":{"start":{"line":436,"column":2},"end":{"line":436,"column":58}},"181":{"start":{"line":437,"column":2},"end":{"line":440,"column":5}},"182":{"start":{"line":6,"column":0},"end":{"line":6,"column":13}}},"fnMap":{"0":{"name":"(anonymous_0)","decl":{"start":{"line":9,"column":1},"end":{"line":9,"column":13}},"loc":{"start":{"line":9,"column":52},"end":{"line":12,"column":2}}},"1":{"name":"(anonymous_1)","decl":{"start":{"line":17,"column":9},"end":{"line":17,"column":30}},"loc":{"start":{"line":17,"column":64},"end":{"line":21,"column":2}}},"2":{"name":"(anonymous_2)","decl":{"start":{"line":20,"column":21},"end":{"line":20,"column":26}},"loc":{"start":{"line":20,"column":30},"end":{"line":20,"column":50}}},"3":{"name":"(anonymous_3)","decl":{"start":{"line":26,"column":9},"end":{"line":26,"column":29}},"loc":{"start":{"line":30,"column":51},"end":{"line":67,"column":2}}},"4":{"name":"(anonymous_4)","decl":{"start":{"line":39,"column":16},"end":{"line":39,"column":24}},"loc":{"start":{"line":39,"column":27},"end":{"line":48,"column":4}}},"5":{"name":"(anonymous_5)","decl":{"start":{"line":40,"column":19},"end":{"line":40,"column":24}},"loc":{"start":{"line":40,"column":27},"end":{"line":42,"column":5}}},"6":{"name":"(anonymous_6)","decl":{"start":{"line":44,"column":15},"end":{"line":44,"column":22}},"loc":{"start":{"line":44,"column":31},"end":{"line":47,"column":7}}},"7":{"name":"(anonymous_7)","decl":{"start":{"line":44,"column":31},"end":{"line":44,"column":null}},"loc":{"start":{"line":44,"column":31},"end":{"line":47,"column":6}}},"8":{"name":"(anonymous_8)","decl":{"start":{"line":72,"column":9},"end":{"line":72,"column":32}},"loc":{"start":{"line":78,"column":55},"end":{"line":102,"column":2}}},"9":{"name":"(anonymous_9)","decl":{"start":{"line":84,"column":12},"end":{"line":84,"column":16}},"loc":{"start":{"line":84,"column":20},"end":{"line":87,"column":33}}},"10":{"name":"(anonymous_10)","decl":{"start":{"line":93,"column":12},"end":{"line":93,"column":16}},"loc":{"start":{"line":93,"column":20},"end":{"line":101,"column":6}}},"11":{"name":"(anonymous_11)","decl":{"start":{"line":96,"column":14},"end":{"line":96,"column":21}},"loc":{"start":{"line":96,"column":30},"end":{"line":101,"column":6}}},"12":{"name":"(anonymous_12)","decl":{"start":{"line":96,"column":30},"end":{"line":96,"column":null}},"loc":{"start":{"line":96,"column":30},"end":{"line":101,"column":5}}},"13":{"name":"(anonymous_13)","decl":{"start":{"line":104,"column":1},"end":{"line":104,"column":8}},"loc":{"start":{"line":104,"column":8},"end":{"line":441,"column":2}}},"14":{"name":"(anonymous_14)","decl":{"start":{"line":114,"column":16},"end":{"line":114,"column":24}},"loc":{"start":{"line":114,"column":27},"end":{"line":124,"column":4}}},"15":{"name":"(anonymous_15)","decl":{"start":{"line":115,"column":41},"end":{"line":115,"column":42}},"loc":{"start":{"line":115,"column":61},"end":{"line":117,"column":5}}},"16":{"name":"(anonymous_16)","decl":{"start":{"line":119,"column":15},"end":{"line":119,"column":22}},"loc":{"start":{"line":119,"column":31},"end":{"line":123,"column":7}}},"17":{"name":"(anonymous_17)","decl":{"start":{"line":119,"column":31},"end":{"line":119,"column":null}},"loc":{"start":{"line":119,"column":31},"end":{"line":123,"column":6}}},"18":{"name":"(anonymous_18)","decl":{"start":{"line":132,"column":13},"end":{"line":132,"column":17}},"loc":{"start":{"line":132,"column":21},"end":{"line":138,"column":7}}},"19":{"name":"(anonymous_19)","decl":{"start":{"line":135,"column":15},"end":{"line":135,"column":22}},"loc":{"start":{"line":135,"column":31},"end":{"line":138,"column":7}}},"20":{"name":"(anonymous_20)","decl":{"start":{"line":135,"column":31},"end":{"line":135,"column":null}},"loc":{"start":{"line":135,"column":31},"end":{"line":138,"column":6}}},"21":{"name":"(anonymous_21)","decl":{"start":{"line":145,"column":4},"end":{"line":145,"column":11}},"loc":{"start":{"line":145,"column":22},"end":{"line":148,"column":null}}},"22":{"name":"(anonymous_22)","decl":{"start":{"line":145,"column":22},"end":{"line":145,"column":null}},"loc":{"start":{"line":145,"column":22},"end":{"line":148,"column":5}}},"23":{"name":"(anonymous_23)","decl":{"start":{"line":158,"column":5},"end":{"line":158,"column":12}},"loc":{"start":{"line":158,"column":20},"end":{"line":161,"column":null}}},"24":{"name":"(anonymous_24)","decl":{"start":{"line":158,"column":20},"end":{"line":158,"column":null}},"loc":{"start":{"line":158,"column":20},"end":{"line":161,"column":6}}},"25":{"name":"(anonymous_25)","decl":{"start":{"line":162,"column":5},"end":{"line":162,"column":12}},"loc":{"start":{"line":162,"column":21},"end":{"line":165,"column":null}}},"26":{"name":"(anonymous_26)","decl":{"start":{"line":162,"column":21},"end":{"line":162,"column":null}},"loc":{"start":{"line":162,"column":21},"end":{"line":165,"column":6}}},"27":{"name":"(anonymous_27)","decl":{"start":{"line":182,"column":13},"end":{"line":182,"column":17}},"loc":{"start":{"line":182,"column":21},"end":{"line":188,"column":7}}},"28":{"name":"(anonymous_28)","decl":{"start":{"line":185,"column":15},"end":{"line":185,"column":22}},"loc":{"start":{"line":185,"column":31},"end":{"line":188,"column":7}}},"29":{"name":"(anonymous_29)","decl":{"start":{"line":185,"column":31},"end":{"line":185,"column":null}},"loc":{"start":{"line":185,"column":31},"end":{"line":188,"column":6}}},"30":{"name":"(anonymous_30)","decl":{"start":{"line":195,"column":4},"end":{"line":195,"column":11}},"loc":{"start":{"line":195,"column":22},"end":{"line":198,"column":null}}},"31":{"name":"(anonymous_31)","decl":{"start":{"line":195,"column":22},"end":{"line":195,"column":null}},"loc":{"start":{"line":195,"column":22},"end":{"line":198,"column":5}}},"32":{"name":"(anonymous_32)","decl":{"start":{"line":208,"column":5},"end":{"line":208,"column":12}},"loc":{"start":{"line":208,"column":20},"end":{"line":211,"column":null}}},"33":{"name":"(anonymous_33)","decl":{"start":{"line":208,"column":20},"end":{"line":208,"column":null}},"loc":{"start":{"line":208,"column":20},"end":{"line":211,"column":6}}},"34":{"name":"(anonymous_34)","decl":{"start":{"line":212,"column":5},"end":{"line":212,"column":12}},"loc":{"start":{"line":212,"column":21},"end":{"line":215,"column":null}}},"35":{"name":"(anonymous_35)","decl":{"start":{"line":212,"column":21},"end":{"line":212,"column":null}},"loc":{"start":{"line":212,"column":21},"end":{"line":215,"column":6}}},"36":{"name":"(anonymous_36)","decl":{"start":{"line":268,"column":28},"end":{"line":268,"column":34}},"loc":{"start":{"line":268,"column":38},"end":{"line":274,"column":6}}},"37":{"name":"(anonymous_37)","decl":{"start":{"line":270,"column":14},"end":{"line":270,"column":21}},"loc":{"start":{"line":270,"column":30},"end":{"line":274,"column":6}}},"38":{"name":"(anonymous_38)","decl":{"start":{"line":270,"column":30},"end":{"line":270,"column":null}},"loc":{"start":{"line":270,"column":30},"end":{"line":274,"column":5}}},"39":{"name":"(anonymous_39)","decl":{"start":{"line":281,"column":28},"end":{"line":281,"column":34}},"loc":{"start":{"line":281,"column":38},"end":{"line":283,"column":22}}},"40":{"name":"(anonymous_40)","decl":{"start":{"line":290,"column":17},"end":{"line":290,"column":25}},"loc":{"start":{"line":290,"column":29},"end":{"line":299,"column":7}}},"41":{"name":"(anonymous_41)","decl":{"start":{"line":296,"column":15},"end":{"line":296,"column":22}},"loc":{"start":{"line":296,"column":31},"end":{"line":299,"column":7}}},"42":{"name":"(anonymous_42)","decl":{"start":{"line":296,"column":31},"end":{"line":296,"column":null}},"loc":{"start":{"line":296,"column":31},"end":{"line":299,"column":6}}},"43":{"name":"(anonymous_43)","decl":{"start":{"line":305,"column":17},"end":{"line":305,"column":25}},"loc":{"start":{"line":305,"column":28},"end":{"line":348,"column":5}}},"44":{"name":"(anonymous_44)","decl":{"start":{"line":331,"column":23},"end":{"line":331,"column":24}},"loc":{"start":{"line":331,"column":40},"end":{"line":333,"column":6}}},"45":{"name":"(anonymous_45)","decl":{"start":{"line":338,"column":16},"end":{"line":338,"column":23}},"loc":{"start":{"line":338,"column":32},"end":{"line":347,"column":8}}},"46":{"name":"(anonymous_46)","decl":{"start":{"line":338,"column":32},"end":{"line":338,"column":null}},"loc":{"start":{"line":338,"column":32},"end":{"line":347,"column":7}}},"47":{"name":"(anonymous_47)","decl":{"start":{"line":355,"column":14},"end":{"line":355,"column":18}},"loc":{"start":{"line":355,"column":22},"end":{"line":361,"column":8}}},"48":{"name":"(anonymous_48)","decl":{"start":{"line":358,"column":16},"end":{"line":358,"column":23}},"loc":{"start":{"line":358,"column":32},"end":{"line":361,"column":8}}},"49":{"name":"(anonymous_49)","decl":{"start":{"line":358,"column":32},"end":{"line":358,"column":null}},"loc":{"start":{"line":358,"column":32},"end":{"line":361,"column":7}}},"50":{"name":"(anonymous_50)","decl":{"start":{"line":371,"column":25},"end":{"line":371,"column":31}},"loc":{"start":{"line":371,"column":35},"end":{"line":376,"column":6}}},"51":{"name":"(anonymous_51)","decl":{"start":{"line":373,"column":14},"end":{"line":373,"column":21}},"loc":{"start":{"line":373,"column":30},"end":{"line":376,"column":6}}},"52":{"name":"(anonymous_52)","decl":{"start":{"line":373,"column":30},"end":{"line":373,"column":null}},"loc":{"start":{"line":373,"column":30},"end":{"line":376,"column":5}}},"53":{"name":"(anonymous_53)","decl":{"start":{"line":383,"column":25},"end":{"line":383,"column":31}},"loc":{"start":{"line":383,"column":35},"end":{"line":385,"column":22}}},"54":{"name":"(anonymous_54)","decl":{"start":{"line":401,"column":28},"end":{"line":401,"column":34}},"loc":{"start":{"line":401,"column":38},"end":{"line":406,"column":6}}},"55":{"name":"(anonymous_55)","decl":{"start":{"line":403,"column":14},"end":{"line":403,"column":21}},"loc":{"start":{"line":403,"column":30},"end":{"line":406,"column":6}}},"56":{"name":"(anonymous_56)","decl":{"start":{"line":403,"column":30},"end":{"line":403,"column":null}},"loc":{"start":{"line":403,"column":30},"end":{"line":406,"column":5}}},"57":{"name":"(anonymous_57)","decl":{"start":{"line":413,"column":28},"end":{"line":413,"column":34}},"loc":{"start":{"line":413,"column":38},"end":{"line":415,"column":22}}}},"branchMap":{"0":{"loc":{"start":{"line":19,"column":2},"end":{"line":19,"column":27}},"type":"if","locations":[{"start":{"line":19,"column":2},"end":{"line":19,"column":27}},{"start":{},"end":{}}]},"1":{"loc":{"start":{"line":20,"column":9},"end":{"line":20,"column":59}},"type":"binary-expr","locations":[{"start":{"line":20,"column":9},"end":{"line":20,"column":51}},{"start":{"line":20,"column":55},"end":{"line":20,"column":59}}]},"2":{"loc":{"start":{"line":33,"column":2},"end":{"line":33,"column":22}},"type":"if","locations":[{"start":{"line":33,"column":2},"end":{"line":33,"column":22}},{"start":{},"end":{}}]},"3":{"loc":{"start":{"line":37,"column":15},"end":{"line":37,"column":72}},"type":"cond-expr","locations":[{"start":{"line":37,"column":66},"end":{"line":37,"column":68}},{"start":{"line":37,"column":66},"end":{"line":37,"column":72}}]},"4":{"loc":{"start":{"line":37,"column":15},"end":{"line":37,"column":68}},"type":"binary-expr","locations":[{"start":{"line":37,"column":15},"end":{"line":37,"column":68}},{"start":{"line":37,"column":66},"end":{"line":37,"column":68}}]},"5":{"loc":{"start":{"line":52,"column":2},"end":{"line":66,"column":null}},"type":"if","locations":[{"start":{"line":52,"column":2},"end":{"line":66,"column":null}},{"start":{},"end":{}}]},"6":{"loc":{"start":{"line":52,"column":6},"end":{"line":52,"column":46}},"type":"binary-expr","locations":[{"start":{"line":52,"column":6},"end":{"line":52,"column":19}},{"start":{"line":52,"column":23},"end":{"line":52,"column":46}}]},"7":{"loc":{"start":{"line":64,"column":86},"end":{"line":64,"column":136}},"type":"cond-expr","locations":[{"start":{"line":64,"column":127},"end":{"line":64,"column":130}},{"start":{"line":64,"column":133},"end":{"line":64,"column":136}}]},"8":{"loc":{"start":{"line":83,"column":46},"end":{"line":83,"column":103}},"type":"cond-expr","locations":[{"start":{"line":83,"column":97},"end":{"line":83,"column":99}},{"start":{"line":83,"column":97},"end":{"line":83,"column":103}}]},"9":{"loc":{"start":{"line":83,"column":46},"end":{"line":83,"column":99}},"type":"binary-expr","locations":[{"start":{"line":83,"column":46},"end":{"line":83,"column":99}},{"start":{"line":83,"column":97},"end":{"line":83,"column":99}}]},"10":{"loc":{"start":{"line":86,"column":14},"end":{"line":86,"column":37}},"type":"binary-expr","locations":[{"start":{"line":86,"column":14},"end":{"line":86,"column":31}},{"start":{"line":86,"column":35},"end":{"line":86,"column":37}}]},"11":{"loc":{"start":{"line":95,"column":14},"end":{"line":95,"column":50}},"type":"binary-expr","locations":[{"start":{"line":95,"column":14},"end":{"line":95,"column":44}},{"start":{"line":95,"column":48},"end":{"line":95,"column":50}}]},"12":{"loc":{"start":{"line":95,"column":14},"end":{"line":95,"column":44}},"type":"cond-expr","locations":[{"start":{"line":95,"column":32},"end":{"line":95,"column":34}},{"start":{"line":95,"column":14},"end":{"line":95,"column":44}}]},"13":{"loc":{"start":{"line":95,"column":14},"end":{"line":95,"column":34}},"type":"binary-expr","locations":[{"start":{"line":95,"column":14},"end":{"line":95,"column":34}},{"start":{"line":95,"column":14},"end":{"line":95,"column":34}}]},"14":{"loc":{"start":{"line":98,"column":5},"end":{"line":100,"column":null}},"type":"if","locations":[{"start":{"line":98,"column":5},"end":{"line":100,"column":null}},{"start":{},"end":{}}]},"15":{"loc":{"start":{"line":98,"column":9},"end":{"line":98,"column":41}},"type":"binary-expr","locations":[{"start":{"line":98,"column":9},"end":{"line":98,"column":25}},{"start":{"line":98,"column":29},"end":{"line":98,"column":41}}]},"16":{"loc":{"start":{"line":128,"column":2},"end":{"line":176,"column":null}},"type":"if","locations":[{"start":{"line":128,"column":2},"end":{"line":176,"column":null}},{"start":{},"end":{}}]},"17":{"loc":{"start":{"line":152,"column":3},"end":{"line":167,"column":null}},"type":"if","locations":[{"start":{"line":152,"column":3},"end":{"line":167,"column":null}},{"start":{},"end":{}}]},"18":{"loc":{"start":{"line":178,"column":2},"end":{"line":226,"column":null}},"type":"if","locations":[{"start":{"line":178,"column":2},"end":{"line":226,"column":null}},{"start":{},"end":{}}]},"19":{"loc":{"start":{"line":202,"column":3},"end":{"line":217,"column":null}},"type":"if","locations":[{"start":{"line":202,"column":3},"end":{"line":217,"column":null}},{"start":{},"end":{}}]},"20":{"loc":{"start":{"line":238,"column":2},"end":{"line":260,"column":null}},"type":"if","locations":[{"start":{"line":238,"column":2},"end":{"line":260,"column":null}},{"start":{},"end":{}}]},"21":{"loc":{"start":{"line":249,"column":3},"end":{"line":252,"column":null}},"type":"switch","locations":[{"start":{"line":250,"column":4},"end":{"line":250,"column":74}},{"start":{"line":251,"column":4},"end":{"line":251,"column":76}}]},"22":{"loc":{"start":{"line":255,"column":36},"end":{"line":255,"column":72}},"type":"binary-expr","locations":[{"start":{"line":255,"column":36},"end":{"line":255,"column":53}},{"start":{"line":255,"column":57},"end":{"line":255,"column":72}}]},"23":{"loc":{"start":{"line":255,"column":36},"end":{"line":255,"column":53}},"type":"cond-expr","locations":[{"start":{"line":255,"column":47},"end":{"line":255,"column":49}},{"start":{"line":255,"column":36},"end":{"line":255,"column":53}}]},"24":{"loc":{"start":{"line":255,"column":36},"end":{"line":255,"column":49}},"type":"binary-expr","locations":[{"start":{"line":255,"column":36},"end":{"line":255,"column":49}},{"start":{"line":255,"column":36},"end":{"line":255,"column":49}}]},"25":{"loc":{"start":{"line":265,"column":12},"end":{"line":265,"column":136}},"type":"cond-expr","locations":[{"start":{"line":265,"column":27},"end":{"line":265,"column":85}},{"start":{"line":265,"column":88},"end":{"line":265,"column":136}}]},"26":{"loc":{"start":{"line":267,"column":2},"end":{"line":284,"column":null}},"type":"if","locations":[{"start":{"line":267,"column":2},"end":{"line":284,"column":null}},{"start":{"line":275,"column":9},"end":{"line":284,"column":null}}]},"27":{"loc":{"start":{"line":277,"column":3},"end":{"line":280,"column":null}},"type":"if","locations":[{"start":{"line":277,"column":3},"end":{"line":280,"column":null}},{"start":{},"end":{}}]},"28":{"loc":{"start":{"line":286,"column":2},"end":{"line":363,"column":null}},"type":"if","locations":[{"start":{"line":286,"column":2},"end":{"line":363,"column":null}},{"start":{},"end":{}}]},"29":{"loc":{"start":{"line":286,"column":6},"end":{"line":286,"column":57}},"type":"binary-expr","locations":[{"start":{"line":286,"column":6},"end":{"line":286,"column":41}},{"start":{"line":286,"column":45},"end":{"line":286,"column":57}}]},"30":{"loc":{"start":{"line":340,"column":7},"end":{"line":343,"column":null}},"type":"if","locations":[{"start":{"line":340,"column":7},"end":{"line":343,"column":null}},{"start":{},"end":{}}]},"31":{"loc":{"start":{"line":351,"column":3},"end":{"line":362,"column":null}},"type":"if","locations":[{"start":{"line":351,"column":3},"end":{"line":362,"column":null}},{"start":{},"end":{}}]},"32":{"loc":{"start":{"line":357,"column":16},"end":{"line":357,"column":57}},"type":"binary-expr","locations":[{"start":{"line":357,"column":16},"end":{"line":357,"column":51}},{"start":{"line":357,"column":55},"end":{"line":357,"column":57}}]},"33":{"loc":{"start":{"line":368,"column":12},"end":{"line":368,"column":140}},"type":"cond-expr","locations":[{"start":{"line":368,"column":27},"end":{"line":368,"column":88}},{"start":{"line":368,"column":91},"end":{"line":368,"column":140}}]},"34":{"loc":{"start":{"line":370,"column":2},"end":{"line":386,"column":null}},"type":"if","locations":[{"start":{"line":370,"column":2},"end":{"line":386,"column":null}},{"start":{"line":377,"column":9},"end":{"line":386,"column":null}}]},"35":{"loc":{"start":{"line":379,"column":3},"end":{"line":382,"column":null}},"type":"if","locations":[{"start":{"line":379,"column":3},"end":{"line":382,"column":null}},{"start":{},"end":{}}]},"36":{"loc":{"start":{"line":388,"column":2},"end":{"line":393,"column":null}},"type":"if","locations":[{"start":{"line":388,"column":2},"end":{"line":393,"column":null}},{"start":{},"end":{}}]},"37":{"loc":{"start":{"line":388,"column":6},"end":{"line":388,"column":54}},"type":"binary-expr","locations":[{"start":{"line":388,"column":6},"end":{"line":388,"column":38}},{"start":{"line":388,"column":42},"end":{"line":388,"column":54}}]},"38":{"loc":{"start":{"line":398,"column":12},"end":{"line":398,"column":177}},"type":"cond-expr","locations":[{"start":{"line":398,"column":27},"end":{"line":398,"column":121}},{"start":{"line":398,"column":124},"end":{"line":398,"column":177}}]},"39":{"loc":{"start":{"line":400,"column":2},"end":{"line":416,"column":null}},"type":"if","locations":[{"start":{"line":400,"column":2},"end":{"line":416,"column":null}},{"start":{"line":407,"column":9},"end":{"line":416,"column":null}}]},"40":{"loc":{"start":{"line":409,"column":3},"end":{"line":412,"column":null}},"type":"if","locations":[{"start":{"line":409,"column":3},"end":{"line":412,"column":null}},{"start":{},"end":{}}]},"41":{"loc":{"start":{"line":418,"column":2},"end":{"line":423,"column":null}},"type":"if","locations":[{"start":{"line":418,"column":2},"end":{"line":423,"column":null}},{"start":{},"end":{}}]},"42":{"loc":{"start":{"line":418,"column":6},"end":{"line":418,"column":58}},"type":"binary-expr","locations":[{"start":{"line":418,"column":6},"end":{"line":418,"column":42}},{"start":{"line":418,"column":46},"end":{"line":418,"column":58}}]}},"s":{"0":2,"1":2,"2":2,"3":9,"4":9,"5":0,"6":0,"7":0,"8":0,"9":0,"10":0,"11":0,"12":0,"13":0,"14":0,"15":0,"16":0,"17":0,"18":0,"19":0,"20":0,"21":0,"22":0,"23":0,"24":0,"25":0,"26":0,"27":0,"28":0,"29":0,"30":0,"31":0,"32":0,"33":0,"34":0,"35":0,"36":0,"37":0,"38":0,"39":0,"40":0,"41":0,"42":0,"43":0,"44":0,"45":0,"46":0,"47":0,"48":0,"49":0,"50":0,"51":0,"52":0,"53":0,"54":0,"55":0,"56":0,"57":0,"58":0,"59":0,"60":0,"61":0,"62":0,"63":0,"64":0,"65":0,"66":0,"67":0,"68":0,"69":0,"70":0,"71":0,"72":0,"73":0,"74":0,"75":0,"76":0,"77":0,"78":0,"79":0,"80":0,"81":0,"82":0,"83":0,"84":0,"85":0,"86":0,"87":0,"88":0,"89":0,"90":0,"91":0,"92":0,"93":0,"94":0,"95":0,"96":0,"97":0,"98":0,"99":0,"100":0,"101":0,"102":0,"103":0,"104":0,"105":0,"106":0,"107":0,"108":0,"109":0,"110":0,"111":0,"112":0,"113":0,"114":0,"115":0,"116":0,"117":0,"118":0,"119":0,"120":0,"121":0,"122":0,"123":0,"124":0,"125":0,"126":0,"127":0,"128":0,"129":0,"130":0,"131":0,"132":0,"133":0,"134":0,"135":0,"136":0,"137":0,"138":0,"139":0,"140":0,"141":0,"142":0,"143":0,"144":0,"145":0,"146":0,"147":0,"148":0,"149":0,"150":0,"151":0,"152":0,"153":0,"154":0,"155":0,"156":0,"157":0,"158":0,"159":0,"160":0,"161":0,"162":0,"163":0,"164":0,"165":0,"166":0,"167":0,"168":0,"169":0,"170":0,"171":0,"172":0,"173":0,"174":0,"175":0,"176":0,"177":0,"178":0,"179":0,"180":0,"181":0,"182":2},"f":{"0":9,"1":0,"2":0,"3":0,"4":0,"5":0,"6":0,"7":0,"8":0,"9":0,"10":0,"11":0,"12":0,"13":0,"14":0,"15":0,"16":0,"17":0,"18":0,"19":0,"20":0,"21":0,"22":0,"23":0,"24":0,"25":0,"26":0,"27":0,"28":0,"29":0,"30":0,"31":0,"32":0,"33":0,"34":0,"35":0,"36":0,"37":0,"38":0,"39":0,"40":0,"41":0,"42":0,"43":0,"44":0,"45":0,"46":0,"47":0,"48":0,"49":0,"50":0,"51":0,"52":0,"53":0,"54":0,"55":0,"56":0,"57":0},"b":{"0":[0,0],"1":[0,0],"2":[0,0],"3":[0,0],"4":[0,0],"5":[0,0],"6":[0,0],"7":[0,0],"8":[0,0],"9":[0,0],"10":[0,0],"11":[0,0],"12":[0,0],"13":[0,0],"14":[0,0],"15":[0,0],"16":[0,0],"17":[0,0],"18":[0,0],"19":[0,0],"20":[0,0],"21":[0,0],"22":[0,0],"23":[0,0],"24":[0,0],"25":[0,0],"26":[0,0],"27":[0,0],"28":[0,0],"29":[0,0],"30":[0,0],"31":[0,0],"32":[0,0],"33":[0,0],"34":[0,0],"35":[0,0],"36":[0,0],"37":[0,0],"38":[0,0],"39":[0,0],"40":[0,0],"41":[0,0],"42":[0,0]}}
,"/home/cristian/GITRepositories/whisperscribe/src/utils/fallback.ts": {"path":"/home/cristian/GITRepositories/whisperscribe/src/utils/fallback.ts","statementMap":{"0":{"start":{"line":6,"column":0},"end":{"line":6,"column":59}},"1":{"start":{"line":30,"column":71},"end":{"line":30,"column":73}},"2":{"start":{"line":34,"column":1},"end":{"line":43,"column":null}},"3":{"start":{"line":35,"column":2},"end":{"line":40,"column":4}},"4":{"start":{"line":42,"column":2},"end":{"line":42,"column":25}},"5":{"start":{"line":46,"column":1},"end":{"line":51,"column":null}},"6":{"start":{"line":47,"column":2},"end":{"line":49,"column":null}},"7":{"start":{"line":48,"column":3},"end":{"line":48,"column":61}},"8":{"start":{"line":50,"column":2},"end":{"line":50,"column":16}},"9":{"start":{"line":54,"column":19},"end":{"line":54,"column":82}},"10":{"start":{"line":54,"column":61},"end":{"line":54,"column":81}},"11":{"start":{"line":56,"column":1},"end":{"line":61,"column":null}},"12":{"start":{"line":57,"column":2},"end":{"line":59,"column":null}},"13":{"start":{"line":58,"column":3},"end":{"line":58,"column":58}},"14":{"start":{"line":60,"column":2},"end":{"line":60,"column":16}},"15":{"start":{"line":64,"column":1},"end":{"line":107,"column":null}},"16":{"start":{"line":66,"column":2},"end":{"line":81,"column":null}},"17":{"start":{"line":68,"column":4},"end":{"line":68,"column":67}},"18":{"start":{"line":69,"column":4},"end":{"line":69,"column":10}},"19":{"start":{"line":71,"column":4},"end":{"line":71,"column":67}},"20":{"start":{"line":72,"column":4},"end":{"line":72,"column":10}},"21":{"start":{"line":74,"column":4},"end":{"line":74,"column":68}},"22":{"start":{"line":75,"column":4},"end":{"line":75,"column":10}},"23":{"start":{"line":77,"column":4},"end":{"line":77,"column":68}},"24":{"start":{"line":78,"column":4},"end":{"line":78,"column":10}},"25":{"start":{"line":80,"column":4},"end":{"line":80,"column":67}},"26":{"start":{"line":84,"column":28},"end":{"line":84,"column":30}},"27":{"start":{"line":85,"column":2},"end":{"line":85,"column":39}},"28":{"start":{"line":87,"column":2},"end":{"line":89,"column":null}},"29":{"start":{"line":88,"column":3},"end":{"line":88,"column":59}},"30":{"start":{"line":91,"column":2},"end":{"line":97,"column":null}},"31":{"start":{"line":92,"column":25},"end":{"line":92,"column":27}},"32":{"start":{"line":93,"column":3},"end":{"line":95,"column":null}},"33":{"start":{"line":93,"column":16},"end":{"line":93,"column":17}},"34":{"start":{"line":94,"column":4},"end":{"line":94,"column":26}},"35":{"start":{"line":96,"column":3},"end":{"line":96,"column":75}},"36":{"start":{"line":96,"column":60},"end":{"line":96,"column":72}},"37":{"start":{"line":99,"column":2},"end":{"line":106,"column":null}},"38":{"start":{"line":101,"column":3},"end":{"line":103,"column":16}},"39":{"start":{"line":102,"column":14},"end":{"line":102,"column":29}},"40":{"start":{"line":105,"column":3},"end":{"line":105,"column":86}},"41":{"start":{"line":110,"column":1},"end":{"line":131,"column":null}},"42":{"start":{"line":112,"column":16},"end":{"line":115,"column":29}},"43":{"start":{"line":115,"column":16},"end":{"line":115,"column":28}},"44":{"start":{"line":118,"column":43},"end":{"line":118,"column":45}},"45":{"start":{"line":119,"column":2},"end":{"line":123,"column":5}},"46":{"start":{"line":120,"column":3},"end":{"line":122,"column":null}},"47":{"start":{"line":121,"column":4},"end":{"line":121,"column":47}},"48":{"start":{"line":126,"column":18},"end":{"line":129,"column":25}},"49":{"start":{"line":127,"column":19},"end":{"line":127,"column":30}},"50":{"start":{"line":129,"column":20},"end":{"line":129,"column":24}},"51":{"start":{"line":130,"column":2},"end":{"line":130,"column":50}},"52":{"start":{"line":134,"column":1},"end":{"line":155,"column":null}},"53":{"start":{"line":136,"column":24},"end":{"line":136,"column":73}},"54":{"start":{"line":137,"column":21},"end":{"line":137,"column":23}},"55":{"start":{"line":138,"column":20},"end":{"line":138,"column":22}},"56":{"start":{"line":140,"column":2},"end":{"line":154,"column":null}},"57":{"start":{"line":142,"column":3},"end":{"line":146,"column":null}},"58":{"start":{"line":142,"column":16},"end":{"line":142,"column":17}},"59":{"start":{"line":143,"column":19},"end":{"line":143,"column":30}},"60":{"start":{"line":144,"column":21},"end":{"line":144,"column":107}},"61":{"start":{"line":145,"column":4},"end":{"line":145,"column":53}},"62":{"start":{"line":149,"column":3},"end":{"line":151,"column":null}},"63":{"start":{"line":149,"column":16},"end":{"line":149,"column":17}},"64":{"start":{"line":150,"column":4},"end":{"line":150,"column":51}},"65":{"start":{"line":153,"column":3},"end":{"line":153,"column":66}},"66":{"start":{"line":157,"column":1},"end":{"line":157,"column":15}},"67":{"start":{"line":26,"column":0},"end":{"line":26,"column":16}}},"fnMap":{"0":{"name":"generateGenericSummaryAndTags","decl":{"start":{"line":26,"column":16},"end":{"line":26,"column":45}},"loc":{"start":{"line":28,"column":68},"end":{"line":158,"column":1}}},"1":{"name":"(anonymous_1)","decl":{"start":{"line":54,"column":56},"end":{"line":54,"column":57}},"loc":{"start":{"line":54,"column":61},"end":{"line":54,"column":81}}},"2":{"name":"(anonymous_2)","decl":{"start":{"line":96,"column":55},"end":{"line":96,"column":56}},"loc":{"start":{"line":96,"column":60},"end":{"line":96,"column":72}}},"3":{"name":"(anonymous_3)","decl":{"start":{"line":102,"column":9},"end":{"line":102,"column":10}},"loc":{"start":{"line":102,"column":14},"end":{"line":102,"column":29}}},"4":{"name":"(anonymous_4)","decl":{"start":{"line":115,"column":11},"end":{"line":115,"column":12}},"loc":{"start":{"line":115,"column":16},"end":{"line":115,"column":28}}},"5":{"name":"(anonymous_5)","decl":{"start":{"line":119,"column":16},"end":{"line":119,"column":20}},"loc":{"start":{"line":119,"column":23},"end":{"line":123,"column":3}}},"6":{"name":"(anonymous_6)","decl":{"start":{"line":127,"column":9},"end":{"line":127,"column":10}},"loc":{"start":{"line":127,"column":19},"end":{"line":127,"column":30}}},"7":{"name":"(anonymous_7)","decl":{"start":{"line":129,"column":8},"end":{"line":129,"column":9}},"loc":{"start":{"line":129,"column":20},"end":{"line":129,"column":24}}}},"branchMap":{"0":{"loc":{"start":{"line":34,"column":1},"end":{"line":43,"column":null}},"type":"if","locations":[{"start":{"line":34,"column":1},"end":{"line":43,"column":null}},{"start":{"line":41,"column":8},"end":{"line":43,"column":null}}]},"1":{"loc":{"start":{"line":46,"column":1},"end":{"line":51,"column":null}},"type":"if","locations":[{"start":{"line":46,"column":1},"end":{"line":51,"column":null}},{"start":{},"end":{}}]},"2":{"loc":{"start":{"line":46,"column":5},"end":{"line":46,"column":56}},"type":"binary-expr","locations":[{"start":{"line":46,"column":5},"end":{"line":46,"column":19}},{"start":{"line":46,"column":23},"end":{"line":46,"column":56}}]},"3":{"loc":{"start":{"line":47,"column":2},"end":{"line":49,"column":null}},"type":"if","locations":[{"start":{"line":47,"column":2},"end":{"line":49,"column":null}},{"start":{},"end":{}}]},"4":{"loc":{"start":{"line":56,"column":1},"end":{"line":61,"column":null}},"type":"if","locations":[{"start":{"line":56,"column":1},"end":{"line":61,"column":null}},{"start":{},"end":{}}]},"5":{"loc":{"start":{"line":57,"column":2},"end":{"line":59,"column":null}},"type":"if","locations":[{"start":{"line":57,"column":2},"end":{"line":59,"column":null}},{"start":{},"end":{}}]},"6":{"loc":{"start":{"line":64,"column":1},"end":{"line":107,"column":null}},"type":"if","locations":[{"start":{"line":64,"column":1},"end":{"line":107,"column":null}},{"start":{},"end":{}}]},"7":{"loc":{"start":{"line":66,"column":2},"end":{"line":81,"column":null}},"type":"switch","locations":[{"start":{"line":67,"column":3},"end":{"line":69,"column":10}},{"start":{"line":70,"column":3},"end":{"line":72,"column":10}},{"start":{"line":73,"column":3},"end":{"line":75,"column":10}},{"start":{"line":76,"column":3},"end":{"line":78,"column":10}},{"start":{"line":79,"column":3},"end":{"line":80,"column":67}}]},"8":{"loc":{"start":{"line":87,"column":2},"end":{"line":89,"column":null}},"type":"if","locations":[{"start":{"line":87,"column":2},"end":{"line":89,"column":null}},{"start":{},"end":{}}]},"9":{"loc":{"start":{"line":87,"column":6},"end":{"line":87,"column":47}},"type":"binary-expr","locations":[{"start":{"line":87,"column":6},"end":{"line":87,"column":23}},{"start":{"line":87,"column":27},"end":{"line":87,"column":47}}]},"10":{"loc":{"start":{"line":91,"column":2},"end":{"line":97,"column":null}},"type":"if","locations":[{"start":{"line":91,"column":2},"end":{"line":97,"column":null}},{"start":{},"end":{}}]},"11":{"loc":{"start":{"line":93,"column":19},"end":{"line":93,"column":87}},"type":"binary-expr","locations":[{"start":{"line":93,"column":19},"end":{"line":93,"column":43}},{"start":{"line":93,"column":47},"end":{"line":93,"column":87}}]},"12":{"loc":{"start":{"line":99,"column":2},"end":{"line":106,"column":null}},"type":"if","locations":[{"start":{"line":99,"column":2},"end":{"line":106,"column":null}},{"start":{"line":104,"column":9},"end":{"line":106,"column":null}}]},"13":{"loc":{"start":{"line":110,"column":1},"end":{"line":131,"column":null}},"type":"if","locations":[{"start":{"line":110,"column":1},"end":{"line":131,"column":null}},{"start":{},"end":{}}]},"14":{"loc":{"start":{"line":120,"column":3},"end":{"line":122,"column":null}},"type":"if","locations":[{"start":{"line":120,"column":3},"end":{"line":122,"column":null}},{"start":{},"end":{}}]},"15":{"loc":{"start":{"line":121,"column":22},"end":{"line":121,"column":41}},"type":"binary-expr","locations":[{"start":{"line":121,"column":22},"end":{"line":121,"column":36}},{"start":{"line":121,"column":40},"end":{"line":121,"column":41}}]},"16":{"loc":{"start":{"line":134,"column":1},"end":{"line":155,"column":null}},"type":"if","locations":[{"start":{"line":134,"column":1},"end":{"line":155,"column":null}},{"start":{},"end":{}}]},"17":{"loc":{"start":{"line":140,"column":2},"end":{"line":154,"column":null}},"type":"if","locations":[{"start":{"line":140,"column":2},"end":{"line":154,"column":null}},{"start":{},"end":{}}]},"18":{"loc":{"start":{"line":144,"column":65},"end":{"line":144,"column":106}},"type":"cond-expr","locations":[{"start":{"line":144,"column":96},"end":{"line":144,"column":101}},{"start":{"line":144,"column":104},"end":{"line":144,"column":106}}]}},"s":{"0":3,"1":10,"2":10,"3":10,"4":0,"5":10,"6":1,"7":1,"8":1,"9":9,"10":56,"11":9,"12":0,"13":0,"14":0,"15":9,"16":9,"17":1,"18":1,"19":6,"20":6,"21":1,"22":1,"23":1,"24":1,"25":0,"26":9,"27":9,"28":9,"29":2,"30":9,"31":1,"32":1,"33":1,"34":4,"35":1,"36":4,"37":9,"38":1,"39":2,"40":8,"41":9,"42":9,"43":403,"44":9,"45":9,"46":240,"47":226,"48":9,"49":266,"50":42,"51":9,"52":9,"53":0,"54":0,"55":0,"56":0,"57":0,"58":0,"59":0,"60":0,"61":0,"62":0,"63":0,"64":0,"65":0,"66":9,"67":3},"f":{"0":10,"1":56,"2":4,"3":2,"4":403,"5":240,"6":266,"7":42},"b":{"0":[10,0],"1":[1,9],"2":[10,9],"3":[1,0],"4":[0,9],"5":[0,0],"6":[9,0],"7":[1,6,1,1,0],"8":[2,7],"9":[9,2],"10":[1,8],"11":[5,5],"12":[1,8],"13":[9,0],"14":[226,14],"15":[226,148],"16":[0,9],"17":[0,0],"18":[0,0]}}
,"/home/cristian/GITRepositories/whisperscribe/src/utils/formatters.ts": {"path":"/home/cristian/GITRepositories/whisperscribe/src/utils/formatters.ts","statementMap":{"0":{"start":{"line":13,"column":1},"end":{"line":22,"column":34}},"1":{"start":{"line":15,"column":2},"end":{"line":21,"column":11}},"2":{"start":{"line":22,"column":18},"end":{"line":22,"column":32}},"3":{"start":{"line":12,"column":0},"end":{"line":12,"column":16}},"4":{"start":{"line":32,"column":14},"end":{"line":32,"column":16}},"5":{"start":{"line":33,"column":15},"end":{"line":33,"column":37}},"6":{"start":{"line":34,"column":13},"end":{"line":34,"column":29}},"7":{"start":{"line":35,"column":1},"end":{"line":37,"column":null}},"8":{"start":{"line":35,"column":14},"end":{"line":35,"column":15}},"9":{"start":{"line":36,"column":2},"end":{"line":36,"column":42}},"10":{"start":{"line":38,"column":1},"end":{"line":38,"column":21}},"11":{"start":{"line":31,"column":0},"end":{"line":31,"column":16}},"12":{"start":{"line":48,"column":43},"end":{"line":53,"column":3}},"13":{"start":{"line":54,"column":1},"end":{"line":54,"column":73}},"14":{"start":{"line":47,"column":0},"end":{"line":47,"column":16}}},"fnMap":{"0":{"name":"formatTagsAsObsidianTags","decl":{"start":{"line":12,"column":16},"end":{"line":12,"column":40}},"loc":{"start":{"line":12,"column":55},"end":{"line":23,"column":1}}},"1":{"name":"(anonymous_1)","decl":{"start":{"line":13,"column":17},"end":{"line":13,"column":20}},"loc":{"start":{"line":13,"column":23},"end":{"line":22,"column":2}}},"2":{"name":"(anonymous_2)","decl":{"start":{"line":22,"column":11},"end":{"line":22,"column":14}},"loc":{"start":{"line":22,"column":18},"end":{"line":22,"column":32}}},"3":{"name":"arrayBufferToBase64","decl":{"start":{"line":31,"column":16},"end":{"line":31,"column":35}},"loc":{"start":{"line":31,"column":55},"end":{"line":39,"column":1}}},"4":{"name":"getMimeType","decl":{"start":{"line":47,"column":16},"end":{"line":47,"column":27}},"loc":{"start":{"line":47,"column":45},"end":{"line":55,"column":1}}}},"branchMap":{"0":{"loc":{"start":{"line":54,"column":8},"end":{"line":54,"column":72}},"type":"binary-expr","locations":[{"start":{"line":54,"column":8},"end":{"line":54,"column":42}},{"start":{"line":54,"column":46},"end":{"line":54,"column":72}}]}},"s":{"0":29,"1":105,"2":105,"3":5,"4":14,"5":14,"6":14,"7":14,"8":14,"9":1058833,"10":14,"11":5,"12":30,"13":30,"14":5},"f":{"0":29,"1":105,"2":105,"3":14,"4":30},"b":{"0":[30,3]}}
,"/home/cristian/GITRepositories/whisperscribe/src/utils/output.ts": {"path":"/home/cristian/GITRepositories/whisperscribe/src/utils/output.ts","statementMap":{"0":{"start":{"line":15,"column":18},"end":{"line":15,"column":20}},"1":{"start":{"line":17,"column":1},"end":{"line":21,"column":null}},"2":{"start":{"line":18,"column":2},"end":{"line":18,"column":96}},"3":{"start":{"line":20,"column":2},"end":{"line":20,"column":63}},"4":{"start":{"line":23,"column":1},"end":{"line":25,"column":null}},"5":{"start":{"line":24,"column":2},"end":{"line":24,"column":78}},"6":{"start":{"line":24,"column":53},"end":{"line":24,"column":62}},"7":{"start":{"line":27,"column":1},"end":{"line":29,"column":null}},"8":{"start":{"line":28,"column":2},"end":{"line":28,"column":73}},"9":{"start":{"line":31,"column":1},"end":{"line":31,"column":19}},"10":{"start":{"line":14,"column":0},"end":{"line":14,"column":16}},"11":{"start":{"line":41,"column":1},"end":{"line":41,"column":45}},"12":{"start":{"line":41,"column":24},"end":{"line":41,"column":33}},"13":{"start":{"line":40,"column":0},"end":{"line":40,"column":16}},"14":{"start":{"line":51,"column":1},"end":{"line":51,"column":44}},"15":{"start":{"line":50,"column":0},"end":{"line":50,"column":16}}},"fnMap":{"0":{"name":"formatTranscriptionOutput","decl":{"start":{"line":14,"column":16},"end":{"line":14,"column":41}},"loc":{"start":{"line":14,"column":104},"end":{"line":32,"column":1}}},"1":{"name":"(anonymous_1)","decl":{"start":{"line":24,"column":46},"end":{"line":24,"column":49}},"loc":{"start":{"line":24,"column":53},"end":{"line":24,"column":62}}},"2":{"name":"formatTagsForDisplay","decl":{"start":{"line":40,"column":16},"end":{"line":40,"column":36}},"loc":{"start":{"line":40,"column":51},"end":{"line":42,"column":1}}},"3":{"name":"(anonymous_3)","decl":{"start":{"line":41,"column":17},"end":{"line":41,"column":20}},"loc":{"start":{"line":41,"column":24},"end":{"line":41,"column":33}}},"4":{"name":"formatDiagramOutput","decl":{"start":{"line":50,"column":16},"end":{"line":50,"column":35}},"loc":{"start":{"line":50,"column":51},"end":{"line":52,"column":1}}}},"branchMap":{"0":{"loc":{"start":{"line":17,"column":1},"end":{"line":21,"column":null}},"type":"if","locations":[{"start":{"line":17,"column":1},"end":{"line":21,"column":null}},{"start":{"line":19,"column":8},"end":{"line":21,"column":null}}]},"1":{"loc":{"start":{"line":17,"column":5},"end":{"line":17,"column":46}},"type":"binary-expr","locations":[{"start":{"line":17,"column":5},"end":{"line":17,"column":28}},{"start":{"line":17,"column":32},"end":{"line":17,"column":46}}]},"2":{"loc":{"start":{"line":23,"column":1},"end":{"line":25,"column":null}},"type":"if","locations":[{"start":{"line":23,"column":1},"end":{"line":25,"column":null}},{"start":{},"end":{}}]},"3":{"loc":{"start":{"line":23,"column":5},"end":{"line":23,"column":66}},"type":"binary-expr","locations":[{"start":{"line":23,"column":5},"end":{"line":23,"column":25}},{"start":{"line":23,"column":29},"end":{"line":23,"column":40}},{"start":{"line":23,"column":44},"end":{"line":23,"column":66}}]},"4":{"loc":{"start":{"line":27,"column":1},"end":{"line":29,"column":null}},"type":"if","locations":[{"start":{"line":27,"column":1},"end":{"line":29,"column":null}},{"start":{},"end":{}}]},"5":{"loc":{"start":{"line":27,"column":5},"end":{"line":27,"column":47}},"type":"binary-expr","locations":[{"start":{"line":27,"column":5},"end":{"line":27,"column":29}},{"start":{"line":27,"column":33},"end":{"line":27,"column":47}}]}},"s":{"0":5,"1":5,"2":2,"3":3,"4":5,"5":1,"6":3,"7":5,"8":1,"9":5,"10":3,"11":6,"12":12,"13":3,"14":5,"15":3},"f":{"0":5,"1":3,"2":6,"3":12,"4":5},"b":{"0":[2,3],"1":[5,4],"2":[1,4],"3":[5,4,1],"4":[1,4],"5":[5,4]}}
,"/home/cristian/GITRepositories/whisperscribe/src/utils/parsers.ts": {"path":"/home/cristian/GITRepositories/whisperscribe/src/utils/parsers.ts","statementMap":{"0":{"start":{"line":5,"column":0},"end":{"line":5,"column":59}},"1":{"start":{"line":14,"column":71},"end":{"line":14,"column":73}},"2":{"start":{"line":16,"column":22},"end":{"line":16,"column":87}},"3":{"start":{"line":17,"column":19},"end":{"line":17,"column":72}},"4":{"start":{"line":18,"column":22},"end":{"line":18,"column":63}},"5":{"start":{"line":20,"column":1},"end":{"line":22,"column":null}},"6":{"start":{"line":21,"column":2},"end":{"line":21,"column":42}},"7":{"start":{"line":24,"column":1},"end":{"line":31,"column":null}},"8":{"start":{"line":25,"column":19},"end":{"line":25,"column":38}},"9":{"start":{"line":26,"column":18},"end":{"line":29,"column":15}},"10":{"start":{"line":27,"column":15},"end":{"line":27,"column":68}},"11":{"start":{"line":28,"column":18},"end":{"line":28,"column":32}},"12":{"start":{"line":30,"column":2},"end":{"line":30,"column":50}},"13":{"start":{"line":33,"column":1},"end":{"line":38,"column":null}},"14":{"start":{"line":34,"column":2},"end":{"line":37,"column":11}},"15":{"start":{"line":40,"column":1},"end":{"line":40,"column":15}},"16":{"start":{"line":13,"column":0},"end":{"line":13,"column":16}},"17":{"start":{"line":56,"column":1},"end":{"line":58,"column":null}},"18":{"start":{"line":57,"column":2},"end":{"line":57,"column":41}},"19":{"start":{"line":60,"column":28},"end":{"line":60,"column":113}},"20":{"start":{"line":61,"column":22},"end":{"line":61,"column":93}},"21":{"start":{"line":62,"column":19},"end":{"line":62,"column":78}},"22":{"start":{"line":63,"column":22},"end":{"line":63,"column":67}},"23":{"start":{"line":65,"column":23},"end":{"line":65,"column":70}},"24":{"start":{"line":66,"column":17},"end":{"line":66,"column":42}},"25":{"start":{"line":69,"column":1},"end":{"line":77,"column":null}},"26":{"start":{"line":70,"column":19},"end":{"line":70,"column":38}},"27":{"start":{"line":72,"column":18},"end":{"line":75,"column":15}},"28":{"start":{"line":73,"column":15},"end":{"line":73,"column":68}},"29":{"start":{"line":74,"column":18},"end":{"line":74,"column":32}},"30":{"start":{"line":76,"column":2},"end":{"line":76,"column":43}},"31":{"start":{"line":80,"column":1},"end":{"line":85,"column":null}},"32":{"start":{"line":81,"column":2},"end":{"line":84,"column":11}},"33":{"start":{"line":87,"column":1},"end":{"line":87,"column":50}},"34":{"start":{"line":50,"column":0},"end":{"line":50,"column":16}}},"fnMap":{"0":{"name":"parseClaudeResponse","decl":{"start":{"line":13,"column":16},"end":{"line":13,"column":35}},"loc":{"start":{"line":13,"column":52},"end":{"line":41,"column":1}}},"1":{"name":"(anonymous_1)","decl":{"start":{"line":27,"column":8},"end":{"line":27,"column":11}},"loc":{"start":{"line":27,"column":15},"end":{"line":27,"column":68}}},"2":{"name":"(anonymous_2)","decl":{"start":{"line":28,"column":11},"end":{"line":28,"column":14}},"loc":{"start":{"line":28,"column":18},"end":{"line":28,"column":32}}},"3":{"name":"parseGeneralResponse","decl":{"start":{"line":50,"column":16},"end":{"line":50,"column":36}},"loc":{"start":{"line":50,"column":83},"end":{"line":88,"column":1}}},"4":{"name":"(anonymous_4)","decl":{"start":{"line":73,"column":8},"end":{"line":73,"column":11}},"loc":{"start":{"line":73,"column":15},"end":{"line":73,"column":68}}},"5":{"name":"(anonymous_5)","decl":{"start":{"line":74,"column":11},"end":{"line":74,"column":14}},"loc":{"start":{"line":74,"column":18},"end":{"line":74,"column":32}}}},"branchMap":{"0":{"loc":{"start":{"line":20,"column":1},"end":{"line":22,"column":null}},"type":"if","locations":[{"start":{"line":20,"column":1},"end":{"line":22,"column":null}},{"start":{},"end":{}}]},"1":{"loc":{"start":{"line":24,"column":1},"end":{"line":31,"column":null}},"type":"if","locations":[{"start":{"line":24,"column":1},"end":{"line":31,"column":null}},{"start":{},"end":{}}]},"2":{"loc":{"start":{"line":33,"column":1},"end":{"line":38,"column":null}},"type":"if","locations":[{"start":{"line":33,"column":1},"end":{"line":38,"column":null}},{"start":{},"end":{}}]},"3":{"loc":{"start":{"line":56,"column":1},"end":{"line":58,"column":null}},"type":"if","locations":[{"start":{"line":56,"column":1},"end":{"line":58,"column":null}},{"start":{},"end":{}}]},"4":{"loc":{"start":{"line":65,"column":23},"end":{"line":65,"column":70}},"type":"binary-expr","locations":[{"start":{"line":65,"column":23},"end":{"line":65,"column":54}},{"start":{"line":65,"column":58},"end":{"line":65,"column":70}}]},"5":{"loc":{"start":{"line":65,"column":23},"end":{"line":65,"column":54}},"type":"cond-expr","locations":[{"start":{"line":65,"column":46},"end":{"line":65,"column":48}},{"start":{"line":65,"column":46},"end":{"line":65,"column":54}}]},"6":{"loc":{"start":{"line":65,"column":23},"end":{"line":65,"column":48}},"type":"binary-expr","locations":[{"start":{"line":65,"column":23},"end":{"line":65,"column":48}},{"start":{"line":65,"column":46},"end":{"line":65,"column":48}}]},"7":{"loc":{"start":{"line":65,"column":23},"end":{"line":65,"column":46}},"type":"cond-expr","locations":[{"start":{"line":65,"column":41},"end":{"line":65,"column":44}},{"start":{"line":65,"column":23},"end":{"line":65,"column":46}}]},"8":{"loc":{"start":{"line":65,"column":23},"end":{"line":65,"column":44}},"type":"binary-expr","locations":[{"start":{"line":65,"column":23},"end":{"line":65,"column":44}},{"start":{"line":65,"column":23},"end":{"line":65,"column":44}}]},"9":{"loc":{"start":{"line":66,"column":17},"end":{"line":66,"column":42}},"type":"cond-expr","locations":[{"start":{"line":66,"column":34},"end":{"line":66,"column":36}},{"start":{"line":66,"column":34},"end":{"line":66,"column":42}}]},"10":{"loc":{"start":{"line":66,"column":17},"end":{"line":66,"column":36}},"type":"binary-expr","locations":[{"start":{"line":66,"column":17},"end":{"line":66,"column":36}},{"start":{"line":66,"column":34},"end":{"line":66,"column":36}}]},"11":{"loc":{"start":{"line":66,"column":17},"end":{"line":66,"column":34}},"type":"cond-expr","locations":[{"start":{"line":66,"column":29},"end":{"line":66,"column":32}},{"start":{"line":66,"column":17},"end":{"line":66,"column":34}}]},"12":{"loc":{"start":{"line":66,"column":17},"end":{"line":66,"column":32}},"type":"binary-expr","locations":[{"start":{"line":66,"column":17},"end":{"line":66,"column":32}},{"start":{"line":66,"column":17},"end":{"line":66,"column":32}}]},"13":{"loc":{"start":{"line":69,"column":1},"end":{"line":77,"column":null}},"type":"if","locations":[{"start":{"line":69,"column":1},"end":{"line":77,"column":null}},{"start":{},"end":{}}]},"14":{"loc":{"start":{"line":80,"column":1},"end":{"line":85,"column":null}},"type":"if","locations":[{"start":{"line":80,"column":1},"end":{"line":85,"column":null}},{"start":{},"end":{}}]}},"s":{"0":3,"1":13,"2":13,"3":13,"4":13,"5":13,"6":9,"7":13,"8":5,"9":5,"10":15,"11":15,"12":5,"13":13,"14":3,"15":13,"16":3,"17":13,"18":3,"19":10,"20":10,"21":10,"22":10,"23":10,"24":10,"25":10,"26":4,"27":4,"28":8,"29":8,"30":4,"31":10,"32":3,"33":10,"34":3},"f":{"0":13,"1":15,"2":15,"3":13,"4":8,"5":8},"b":{"0":[9,4],"1":[5,8],"2":[3,10],"3":[3,10],"4":[10,2],"5":[2,8],"6":[10,10],"7":[2,8],"8":[10,8],"9":[6,4],"10":[10,10],"11":[6,4],"12":[10,4],"13":[4,6],"14":[3,7]}}
,"/home/cristian/GITRepositories/whisperscribe/src/utils/prompts.ts": {"path":"/home/cristian/GITRepositories/whisperscribe/src/utils/prompts.ts","statementMap":{"0":{"start":{"line":25,"column":1},"end":{"line":27,"column":null}},"1":{"start":{"line":26,"column":2},"end":{"line":26,"column":12}},"2":{"start":{"line":29,"column":1},"end":{"line":31,"column":null}},"3":{"start":{"line":30,"column":2},"end":{"line":30,"column":33}},"4":{"start":{"line":33,"column":45},"end":{"line":51,"column":3}},"5":{"start":{"line":53,"column":18},"end":{"line":53,"column":46}},"6":{"start":{"line":54,"column":1},"end":{"line":54,"column":42}},"7":{"start":{"line":65,"column":1},"end":{"line":67,"column":null}},"8":{"start":{"line":66,"column":2},"end":{"line":66,"column":12}},"9":{"start":{"line":69,"column":16},"end":{"line":69,"column":18}},"10":{"start":{"line":70,"column":22},"end":{"line":70,"column":24}},"11":{"start":{"line":71,"column":1},"end":{"line":104,"column":null}},"12":{"start":{"line":72,"column":2},"end":{"line":72,"column":28}},"13":{"start":{"line":73,"column":2},"end":{"line":73,"column":34}},"14":{"start":{"line":75,"column":46},"end":{"line":93,"column":4}},"15":{"start":{"line":94,"column":44},"end":{"line":101,"column":4}},"16":{"start":{"line":102,"column":2},"end":{"line":102,"column":48}},"17":{"start":{"line":103,"column":2},"end":{"line":103,"column":72}},"18":{"start":{"line":106,"column":1},"end":{"line":106,"column":221}},"19":{"start":{"line":116,"column":1},"end":{"line":127,"column":null}},"20":{"start":{"line":118,"column":3},"end":{"line":118,"column":41}},"21":{"start":{"line":120,"column":3},"end":{"line":120,"column":46}},"22":{"start":{"line":122,"column":3},"end":{"line":122,"column":47}},"23":{"start":{"line":124,"column":3},"end":{"line":124,"column":99}},"24":{"start":{"line":126,"column":3},"end":{"line":126,"column":46}},"25":{"start":{"line":115,"column":0},"end":{"line":115,"column":16}},"26":{"start":{"line":137,"column":15},"end":{"line":137,"column":17}},"27":{"start":{"line":140,"column":31},"end":{"line":140,"column":110}},"28":{"start":{"line":141,"column":1},"end":{"line":144,"column":null}},"29":{"start":{"line":143,"column":2},"end":{"line":143,"column":36}},"30":{"start":{"line":146,"column":1},"end":{"line":146,"column":341}},"31":{"start":{"line":148,"column":1},"end":{"line":197,"column":null}},"32":{"start":{"line":149,"column":26},"end":{"line":149,"column":99}},"33":{"start":{"line":151,"column":2},"end":{"line":151,"column":31}},"34":{"start":{"line":153,"column":2},"end":{"line":160,"column":null}},"35":{"start":{"line":154,"column":25},"end":{"line":154,"column":65}},"36":{"start":{"line":155,"column":3},"end":{"line":159,"column":null}},"37":{"start":{"line":156,"column":4},"end":{"line":156,"column":73}},"38":{"start":{"line":158,"column":4},"end":{"line":158,"column":57}},"39":{"start":{"line":162,"column":2},"end":{"line":168,"column":null}},"40":{"start":{"line":163,"column":3},"end":{"line":167,"column":null}},"41":{"start":{"line":164,"column":4},"end":{"line":164,"column":148}},"42":{"start":{"line":166,"column":4},"end":{"line":166,"column":132}},"43":{"start":{"line":170,"column":2},"end":{"line":176,"column":null}},"44":{"start":{"line":171,"column":3},"end":{"line":175,"column":null}},"45":{"start":{"line":172,"column":4},"end":{"line":172,"column":279}},"46":{"start":{"line":174,"column":4},"end":{"line":174,"column":250}},"47":{"start":{"line":178,"column":2},"end":{"line":178,"column":45}},"48":{"start":{"line":179,"column":2},"end":{"line":179,"column":83}},"49":{"start":{"line":181,"column":2},"end":{"line":184,"column":null}},"50":{"start":{"line":182,"column":20},"end":{"line":182,"column":138}},"51":{"start":{"line":183,"column":3},"end":{"line":183,"column":113}},"52":{"start":{"line":186,"column":2},"end":{"line":189,"column":null}},"53":{"start":{"line":187,"column":20},"end":{"line":187,"column":138}},"54":{"start":{"line":188,"column":3},"end":{"line":188,"column":63}},"55":{"start":{"line":191,"column":2},"end":{"line":194,"column":null}},"56":{"start":{"line":192,"column":20},"end":{"line":192,"column":150}},"57":{"start":{"line":193,"column":3},"end":{"line":193,"column":88}},"58":{"start":{"line":196,"column":2},"end":{"line":196,"column":185}},"59":{"start":{"line":199,"column":1},"end":{"line":199,"column":23}},"60":{"start":{"line":136,"column":0},"end":{"line":136,"column":16}},"61":{"start":{"line":209,"column":15},"end":{"line":209,"column":17}},"62":{"start":{"line":210,"column":25},"end":{"line":210,"column":98}},"63":{"start":{"line":213,"column":31},"end":{"line":213,"column":110}},"64":{"start":{"line":214,"column":1},"end":{"line":218,"column":null}},"65":{"start":{"line":216,"column":2},"end":{"line":216,"column":36}},"66":{"start":{"line":217,"column":2},"end":{"line":217,"column":70}},"67":{"start":{"line":220,"column":1},"end":{"line":227,"column":null}},"68":{"start":{"line":221,"column":24},"end":{"line":221,"column":64}},"69":{"start":{"line":222,"column":2},"end":{"line":226,"column":null}},"70":{"start":{"line":223,"column":3},"end":{"line":223,"column":114}},"71":{"start":{"line":225,"column":3},"end":{"line":225,"column":90}},"72":{"start":{"line":229,"column":1},"end":{"line":235,"column":null}},"73":{"start":{"line":230,"column":2},"end":{"line":234,"column":null}},"74":{"start":{"line":231,"column":3},"end":{"line":231,"column":165}},"75":{"start":{"line":233,"column":3},"end":{"line":233,"column":141}},"76":{"start":{"line":237,"column":1},"end":{"line":243,"column":null}},"77":{"start":{"line":238,"column":2},"end":{"line":242,"column":null}},"78":{"start":{"line":239,"column":3},"end":{"line":239,"column":276}},"79":{"start":{"line":241,"column":3},"end":{"line":241,"column":252}},"80":{"start":{"line":245,"column":1},"end":{"line":256,"column":null}},"81":{"start":{"line":246,"column":2},"end":{"line":246,"column":45}},"82":{"start":{"line":247,"column":2},"end":{"line":249,"column":null}},"83":{"start":{"line":24
[...]
":1}}},"7":{"name":"(anonymous_7)","decl":{"start":{"line":184,"column":39},"end":{"line":184,"column":40}},"loc":{"start":{"line":184,"column":44},"end":{"line":184,"column":59}}},"8":{"name":"calculateRepetitiveScore","decl":{"start":{"line":212,"column":9},"end":{"line":212,"column":33}},"loc":{"start":{"line":212,"column":49},"end":{"line":231,"column":1}}},"9":{"name":"findMaxConsecutivePatternRepetitions","decl":{"start":{"line":239,"column":9},"end":{"line":239,"column":45}},"loc":{"start":{"line":239,"column":61},"end":{"line":253,"column":1}}},"10":{"name":"cleanTranscription","decl":{"start":{"line":261,"column":16},"end":{"line":261,"column":34}},"loc":{"start":{"line":261,"column":47},"end":{"line":273,"column":1}}}},"branchMap":{"0":{"loc":{"start":{"line":12,"column":50},"end":{"line":12,"column":76}},"type":"default-arg","locations":[{"start":{"line":12,"column":75},"end":{"line":12,"column":76}}]},"1":{"loc":{"start":{"line":13,"column":1},"end":{"line":15,"column":null}},"type":"if","locations":[{"start":{"line":13,"column":1},"end":{"line":15,"column":null}},{"start":{},"end":{}}]},"2":{"loc":{"start":{"line":13,"column":5},"end":{"line":13,"column":38}},"type":"binary-expr","locations":[{"start":{"line":13,"column":5},"end":{"line":13,"column":10}},{"start":{"line":13,"column":14},"end":{"line":13,"column":38}}]},"3":{"loc":{"start":{"line":26,"column":2},"end":{"line":44,"column":null}},"type":"if","locations":[{"start":{"line":26,"column":2},"end":{"line":44,"column":null}},{"start":{"line":40,"column":9},"end":{"line":44,"column":null}}]},"4":{"loc":{"start":{"line":26,"column":6},"end":{"line":26,"column":75}},"type":"binary-expr","locations":[{"start":{"line":26,"column":6},"end":{"line":26,"column":33}},{"start":{"line":26,"column":37},"end":{"line":26,"column":75}}]},"5":{"loc":{"start":{"line":77,"column":3},"end":{"line":82,"column":null}},"type":"if","locations":[{"start":{"line":77,"column":3},"end":{"line":82,"column":null}},{"start":{"line":80,"column":10},"end":{"line":82,"column":null}}]},"6":{"loc":{"start":{"line":86,"column":2},"end":{"line":89,"column":null}},"type":"if","locations":[{"start":{"line":86,"column":2},"end":{"line":89,"column":null}},{"start":{},"end":{}}]},"7":{"loc":{"start":{"line":86,"column":6},"end":{"line":87,"column":88}},"type":"binary-expr","locations":[{"start":{"line":86,"column":6},"end":{"line":86,"column":43}},{"start":{"line":87,"column":6},"end":{"line":87,"column":45}},{"start":{"line":87,"column":49},"end":{"line":87,"column":87}}]},"8":{"loc":{"start":{"line":124,"column":2},"end":{"line":128,"column":null}},"type":"if","locations":[{"start":{"line":124,"column":2},"end":{"line":128,"column":null}},{"start":{},"end":{}}]},"9":{"loc":{"start":{"line":141,"column":3},"end":{"line":146,"column":null}},"type":"if","locations":[{"start":{"line":141,"column":3},"end":{"line":146,"column":null}},{"start":{"line":144,"column":10},"end":{"line":146,"column":null}}]},"10":{"loc":{"start":{"line":149,"column":2},"end":{"line":160,"column":null}},"type":"if","locations":[{"start":{"line":149,"column":2},"end":{"line":160,"column":null}},{"start":{"line":156,"column":9},"end":{"line":160,"column":null}}]},"11":{"loc":{"start":{"line":173,"column":50},"end":{"line":173,"column":73}},"type":"default-arg","locations":[{"start":{"line":173,"column":70},"end":{"line":173,"column":73}}]},"12":{"loc":{"start":{"line":174,"column":1},"end":{"line":176,"column":null}},"type":"if","locations":[{"start":{"line":174,"column":1},"end":{"line":176,"column":null}},{"start":{},"end":{}}]},"13":{"loc":{"start":{"line":174,"column":5},"end":{"line":174,"column":38}},"type":"binary-expr","locations":[{"start":{"line":174,"column":5},"end":{"line":174,"column":10}},{"start":{"line":174,"column":14},"end":{"line":174,"column":38}}]},"14":{"loc":{"start":{"line":179,"column":1},"end":{"line":181,"column":null}},"type":"if","locations":[{"start":{"line":179,"column":1},"end":{"line":181,"column":null}},{"start":{},"end":{}}]},"15":{"loc":{"start":{"line":187,"column":1},"end":{"line":189,"column":null}},"type":"if","locations":[{"start":{"line":187,"column":1},"end":{"line":189,"column":null}},{"start":{},"end":{}}]},"16":{"loc":{"start":{"line":193,"column":1},"end":{"line":195,"column":null}},"type":"if","locations":[{"start":{"line":193,"column":1},"end":{"line":195,"column":null}},{"start":{},"end":{}}]},"17":{"loc":{"start":{"line":199,"column":1},"end":{"line":201,"column":null}},"type":"if","locations":[{"start":{"line":199,"column":1},"end":{"line":201,"column":null}},{"start":{},"end":{}}]},"18":{"loc":{"start":{"line":221,"column":2},"end":{"line":227,"column":null}},"type":"if","locations":[{"start":{"line":221,"column":2},"end":{"line":227,"column":null}},{"start":{"line":225,"column":9},"end":{"line":227,"column":null}}]},"19":{"loc":{"start":{"line":246,"column":3},"end":{"line":248,"column":null}},"type":"if","locations":[{"start":{"line":246,"column":3},"end":{"line":248,"column":null}},{"start":{},"end":{}}]},"20":{"loc":{"start":{"line":262,"column":1},"end":{"line":264,"column":null}},"type":"if","locations":[{"start":{"line":262,"column":1},"end":{"line":264,"column":null}},{"start":{},"end":{}}]},"21":{"loc":{"start":{"line":262,"column":5},"end":{"line":262,"column":38}},"type":"binary-expr","locations":[{"start":{"line":262,"column":5},"end":{"line":262,"column":10}},{"start":{"line":262,"column":14},"end":{"line":262,"column":38}}]}},"s":{"0":29,"1":2,"2":27,"3":27,"4":27,"5":27,"6":129,"7":129,"8":10,"9":10,"10":10,"11":29,"12":10,"13":10,"14":119,"15":119,"16":27,"17":3,"18":380,"19":380,"20":380,"21":2691,"22":2691,"23":12881,"24":2691,"25":2691,"26":2691,"27":1948,"28":1948,"29":6754,"30":1948,"31":361,"32":361,"33":1587,"34":2691,"35":2498,"36":380,"37":0,"38":0,"39":0,"40":0,"41":0,"42":0,"43":0,"44":0,"45":0,"46":0,"47":0,"48":0,"49":0,"50":0,"51":0,"52":0,"53":0,"54":0,"55":0,"56":0,"57":0,"58":0,"59":0,"60":0,"61":0,"62":0,"63":0,"64":0,"65":0,"66":0,"67":0,"68":29,"69":2,"70":27,"71":27,"72":17,"73":10,"74":206,"75":10,"76":10,"77":3,"78":7,"79":7,"80":4,"81":3,"82":3,"83":0,"84":3,"85":3,"86":7,"87":7,"88":7,"89":7,"90":76,"91":76,"92":5,"93":5,"94":71,"95":7,"96":3,"97":3,"98":3,"99":41,"100":41,"101":175,"102":175,"103":4,"104":3,"105":24,"106":1,"107":23,"108":23,"109":23,"110":3},"f":{"0":29,"1":380,"2":12881,"3":6754,"4":0,"5":0,"6":29,"7":206,"8":7,"9":3,"10":24},"b":{"0":[2],"1":[2,27],"2":[29,28],"3":[10,119],"4":[129,129],"5":[361,1587],"6":[2498,193],"7":[2691,2308,2115],"8":[0,0],"9":[0,0],"10":[0,0],"11":[28],"12":[2,27],"13":[29,28],"14":[17,10],"15":[3,7],"16":[4,3],"17":[0,3],"18":[5,71],"19":[4,171],"20":[1,23],"21":[24,23]}}
,"/home/cristian/GITRepositories/whisperscribe/src/utils/validation.ts": {"path":"/home/cristian/GITRepositories/whisperscribe/src/utils/validation.ts","statementMap":{"0":{"start":{"line":6,"column":0},"end":{"line":6,"column":66}},"1":{"start":{"line":16,"column":1},"end":{"line":23,"column":null}},"2":{"start":{"line":18,"column":3},"end":{"line":18,"column":34}},"3":{"start":{"line":20,"column":3},"end":{"line":20,"column":40}},"4":{"start":{"line":22,"column":3},"end":{"line":22,"column":15}},"5":{"start":{"line":15,"column":0},"end":{"line":15,"column":16}},"6":{"start":{"line":34,"column":16},"end":{"line":34,"column":41}},"7":{"start":{"line":35,"column":1},"end":{"line":37,"column":null}},"8":{"start":{"line":36,"column":2},"end":{"line":36,"column":76}},"9":{"start":{"line":39,"column":22},"end":{"line":39,"column":24}},"10":{"start":{"line":40,"column":18},"end":{"line":40,"column":20}},"11":{"start":{"line":41,"column":19},"end":{"line":41,"column":20}},"12":{"start":{"line":44,"column":1},"end":{"line":55,"column":null}},"13":{"start":{"line":46,"column":3},"end":{"line":46,"column":39}},"14":{"start":{"line":47,"column":3},"end":{"line":47,"column":47}},"15":{"start":{"line":48,"column":3},"end":{"line":48,"column":54}},"16":{"start":{"line":49,"column":3},"end":{"line":49,"column":9}},"17":{"start":{"line":51,"column":3},"end":{"line":51,"column":41}},"18":{"start":{"line":52,"column":3},"end":{"line":52,"column":49}},"19":{"start":{"line":53,"column":3},"end":{"line":53,"column":60}},"20":{"start":{"line":54,"column":3},"end":{"line":54,"column":9}},"21":{"start":{"line":58,"column":21},"end":{"line":58,"column":70}},"22":{"start":{"line":58,"column":42},"end":{"line":58,"column":69}},"23":{"start":{"line":59,"column":1},"end":{"line":62,"column":null}},"24":{"start":{"line":61,"column":2},"end":{"line":61,"column":19}},"25":{"start":{"line":65,"column":1},"end":{"line":73,"column":null}},"26":{"start":{"line":66,"column":2},"end":{"line":72,"column":4}},"27":{"start":{"line":75,"column":1},"end":{"line":75,"column":20}},"28":{"start":{"line":33,"column":0},"end":{"line":33,"column":16}},"29":{"start":{"line":87,"column":21},"end":{"line":87,"column":66}},"30":{"start":{"line":90,"column":1},"end":{"line":97,"column":null}},"31":{"start":{"line":91,"column":2},"end":{"line":96,"column":null}},"32":{"start":{"line":93,"column":4},"end":{"line":93,"column":58}},"33":{"start":{"line":95,"column":4},"end":{"line":95,"column":62}},"34":{"start":{"line":99,"column":1},"end":{"line":99,"column":23}},"35":{"start":{"line":86,"column":0},"end":{"line":86,"column":16}},"36":{"start":{"line":109,"column":20},"end":{"line":109,"column":72}},"37":{"start":{"line":110,"column":23},"end":{"line":110,"column":64}},"38":{"start":{"line":112,"column":13},"end":{"line":112,"column":62}},"39":{"start":{"line":114,"column":1},"end":{"line":116,"column":null}},"40":{"start":{"line":115,"column":2},"end":{"line":115,"column":14}},"41":{"start":{"line":118,"column":18},"end":{"line":118,"column":57}},"42":{"start":{"line":119,"column":1},"end":{"line":119,"column":25}},"43":{"start":{"line":108,"column":0},"end":{"line":108,"column":16}},"44":{"start":{"line":135,"column":1},"end":{"line":154,"column":null}},"45":{"start":{"line":136,"column":22},"end":{"line":136,"column":67}},"46":{"start":{"line":137,"column":23},"end":{"line":137,"column":64}},"47":{"start":{"line":138,"column":23},"end":{"line":138,"column":65}},"48":{"start":{"line":140,"column":2},"end":{"line":146,"column":null}},"49":{"start":{"line":141,"column":3},"end":{"line":145,"column":5}},"50":{"start":{"line":148,"column":2},"end":{"line":148,"column":27}},"51":{"start":{"line":151,"column":2},"end":{"line":153,"column":68}},"52":{"start":{"line":130,"column":0},"end":{"line":130,"column":16}},"53":{"start":{"line":165,"column":1},"end":{"line":165,"column":24}},"54":{"start":{"line":164,"column":0},"end":{"line":164,"column":16}},"55":{"start":{"line":180,"column":16},"end":{"line":180,"column":56}},"56":{"start":{"line":182,"column":1},"end":{"line":188,"column":null}},"57":{"start":{"line":183,"column":23},"end":{"line":183,"column":68}},"58":{"start":{"line":184,"column":2},"end":{"line":187,"column":4}},"59":{"start":{"line":190,"column":1},"end":{"line":197,"column":null}},"60":{"start":{"line":191,"column":2},"end":{"line":191,"column":42}},"61":{"start":{"line":193,"column":2},"end":{"line":196,"column":4}},"62":{"start":{"line":199,"column":1},"end":{"line":199,"column":26}},"63":{"start":{"line":175,"column":0},"end":{"line":175,"column":16}}},"fnMap":{"0":{"name":"getApiKeyForProvider","decl":{"start":{"line":15,"column":16},"end":{"line":15,"column":36}},"loc":{"start":{"line":15,"column":92},"end":{"line":24,"column":1}}},"1":{"name":"getModelConfigForProvider","decl":{"start":{"line":33,"column":16},"end":{"line":33,"column":41}},"loc":{"start":{"line":33,"column":97},"end":{"line":76,"column":1}}},"2":{"name":"(anonymous_2)","decl":{"start":{"line":58,"column":33},"end":{"line":58,"column":38}},"loc":{"start":{"line":58,"column":42},"end":{"line":58,"column":69}}},"3":{"name":"getModelForProvider","decl":{"start":{"line":86,"column":16},"end":{"line":86,"column":35}},"loc":{"start":{"line":86,"column":91},"end":{"line":100,"column":1}}},"4":{"name":"extractMediaFileName","decl":{"start":{"line":108,"column":16},"end":{"line":108,"column":36}},"loc":{"start":{"line":108,"column":49},"end":{"line":120,"column":1}}},"5":{"name":"validateFileSizeForModel","decl":{"start":{"line":130,"column":16},"end":{"line":130,"column":40}},"loc":{"start":{"line":133,"column":34},"end":{"line":155,"column":1}}},"6":{"name":"validateFileSize","decl":{"start":{"line":164,"column":16},"end":{"line":164,"column":32}},"loc":{"start":{"line":164,"column":81},"end":{"line":166,"column":1}}},"7":{"name":"validateProviderRequirements","decl":{"start":{"line":175,"column":16},"end":{"line":175,"column":44}},"loc":{"start":{"line":177,"column":34},"end":{"line":200,"column":1}}}},"branchMap":{"0":{"loc":{"start":{"line":16,"column":1},"end":{"line":23,"column":null}},"type":"switch","locations":[{"start":{"line":17,"column":2},"end":{"line":18,"column":34}},{"start":{"line":19,"column":2},"end":{"line":20,"column":40}},{"start":{"line":21,"column":2},"end":{"line":22,"column":15}}]},"1":{"loc":{"start":{"line":18,"column":10},"end":{"line":18,"column":33}},"type":"binary-expr","locations":[{"start":{"line":18,"column":10},"end":{"line":18,"column":25}},{"start":{"line":18,"column":29},"end":{"line":18,"column":33}}]},"2":{"loc":{"start":{"line":20,"column":10},"end":{"line":20,"column":39}},"type":"binary-expr","locations":[{"start":{"line":20,"column":10},"end":{"line":20,"column":31}},{"start":{"line":20,"column":35},"end":{"line":20,"column":39}}]},"3":{"loc":{"start":{"line":35,"column":1},"end":{"line":37,"column":null}},"type":"if","locations":[{"start":{"line":35,"column":1},"end":{"line":37,"column":null}},{"start":{},"end":{}}]},"4":{"loc":{"start":{"line":44,"column":1},"end":{"line":55,"column":null}},"type":"switch","locations":[{"start":{"line":45,"column":2},"end":{"line":49,"column":9}},{"start":{"line":50,"column":2},"end":{"line":54,"column":9}}]},"5":{"loc":{"start":{"line":47,"column":16},"end":{"line":47,"column":46}},"type":"binary-expr","locations":[{"start":{"line":47,"column":16},"end":{"line":47,"column":40}},{"start":{"line":47,"column":44},"end":{"line":47,"column":46}}]},"6":{"loc":{"start":{"line":48,"column":17},"end":{"line":48,"column":53}},"type":"binary-expr","locations":[{"start":{"line":48,"column":17},"end":{"line":48,"column":47}},{"start":{"line":48,"column":51},"end":{"line":48,"column":53}}]},"7":{"loc":{"start":{"line":52,"column":16},"end":{"line":52,"column":48}},"type":"binary-expr","locations":[{"start":{"line":52,"column":16},"end":{"line":52,"column":42}},{"start":{"line":52,"column":46},"end":{"line":52,"column":48}}]},"8":{"loc":{"start":{"line":53,"column":17},"end":{"line":53,"column":59}},"type":"binary-expr","locations":[{"start":{"line":53,"column":17},"end":{"line":53,"column":53}},{"start":{"line":53,"column":57},"end":{"line":53,"column":59}}]},"9":{"loc":{"start":{"line":59,"column":1},"end":{"line":62,"column":null}},"type":"if","locations":[{"start":{"line":59,"column":1},"end":{"line":62,"column":null}},{"start":{},"end":{}}]},"10":{"loc":{"start":{"line":65,"column":1},"end":{"line":73,"column":null}},"type":"if","locations":[{"start":{"line":65,"column":1},"end":{"line":73,"column":null}},{"start":{},"end":{}}]},"11":{"loc":{"start":{"line":65,"column":5},"end":{"line":65,"column":39}},"type":"binary-expr","locations":[{"start":{"line":65,"column":5},"end":{"line":65,"column":25}},{"start":{"line":65,"column":29},"end":{"line":65,"column":39}}]},"12":{"loc":{"start":{"line":71,"column":26},"end":{"line":71,"column":54}},"type":"cond-expr","locations":[{"start":{"line":71,"column":48},"end":{"line":71,"column":50}},{"start":{"line":71,"column":48},"end":{"line":71,"column":54}}]},"13":{"loc":{"start":{"line":71,"column":26},"end":{"line":71,"column":50}},"type":"binary-expr","locations":[{"start":{"line":71,"column":26},"end":{"line":71,"column":50}},{"start":{"line":71,"column":48},"end":{"line":71,"column":50}}]},"14":{"loc":{"start":{"line":90,"column":1},"end":{"line":97,"column":null}},"type":"if","locations":[{"start":{"line":90,"column":1},"end":{"line":97,"column":null}},{"start":{},"end":{}}]},"15":{"loc":{"start":{"line":91,"column":2},"end":{"line":96,"column":null}},"type":"switch","locations":[{"start":{"line":92,"column":3},"end":{"line":93,"column":58}},{"start":{"line":94,"column":3},"end":{"line":95,"column":62}}]},"16":{"loc":{"start":{"line":93,"column":11},"end":{"line":93,"column":57}},"type":"binary-expr","locations":[{"start":{"line":93,"column":11},"end":{"line":93,"column":35}},{"start":{"line":93,"column":39},"end":{"line":93,"column":57}}]},"17":{"loc":{"start":{"line":95,"column":11},"end":{"line":95,"column":61}},"type":"binary-expr","locations":[{"start":{"line":95,"column":11},"end":{"line":95,"column":37}},{"start":{"line":95,"column":41},"end":{"line":95,"column":61}}]},"18":{"loc":{"start":{"line":112,"column":13},"end":{"line":112,"column":62}},"type":"binary-expr","locations":[{"start":{"line":112,"column":13},"end":{"line":112,"column":34}},{"start":{"line":112,"column":38},"end":{"line":112,"column":62}}]},"19":{"loc":{"start":{"line":114,"column":1},"end":{"line":116,"column":null}},"type":"if","locations":[{"start":{"line":114,"column":1},"end":{"line":116,"column":null}},{"start":{},"end":{}}]},"20":{"loc":{"start":{"line":119,"column":8},"end":{"line":119,"column":24}},"type":"binary-expr","locations":[{"start":{"line":119,"column":8},"end":{"line":119,"column":16}},{"start":{"line":119,"column":20},"end":{"line":119,"column":24}}]},"21":{"loc":{"start":{"line":140,"column":2},"end":{"line":146,"column":null}},"type":"if","locations":[{"start":{"line":140,"column":2},"end":{"line":146,"column":null}},{"start":{},"end":{}}]},"22":{"loc":{"start":{"line":151,"column":9},"end":{"line":153,"column":67}},"type":"cond-expr","locations":[{"start":{"line":152,"column":3},"end":{"line":152,"column":20}},{"start":{"line":153,"column":3},"end":{"line":153,"column":67}}]},"23":{"loc":{"start":{"line":164,"column":47},"end":{"line":164,"column":81}},"type":"default-arg","locations":[{"start":{"line":164,"column":65},"end":{"line":164,"column":81}}]},"24":{"loc":{"start":{"line":182,"column":1},"end":{"line":188,"column":null}},"type":"if","locations":[{"start":{"line":182,"column":1},"end":{"line":188,"column":null}},{"start":{},"end":{}}]},"25":{"loc":{"start":{"line":183,"column":23},"end":{"line":183,"column":68}},"type":"binary-expr","locations":[{"start":{"line":183,"column":23},"end":{"line":183,"column":51}},{"start":{"line":183,"column":55},"end":{"line":183,"column":68}}]},"26":{"loc":{"start":{"line":183,"column":23},"end":{"line":183,"column":51}},"type":"cond-expr","locations":[{"start":{"line":183,"column":45},"end":{"line":183,"column":47}},{"start":{"line":183,"column":45},"end":{"line":183,"column":51}}]},"27":{"loc":{"start":{"line":183,"column":23},"end":{"line":183,"column":47}},"type":"binary-expr","locations":[{"start":{"line":183,"column":23},"end":{"line":183,"column":47}},{"start":{"line":183,"column":45},"end":{"line":183,"column":47}}]}},"s":{"0":4,"1":10,"2":5,"3":3,"4":2,"5":4,"6":8,"7":8,"8":1,"9":7,"10":7,"11":7,"12":7,"13":5,"14":5,"15":5,"16":5,"17":2,"18":2,"19":2,"20":2,"21":7,"22":13,"23":7,"24":2,"25":5,"26":0,"27":5,"28":4,"29":8,"30":7,"31":0,"32":0,"33":0,"34":7,"35":4,"36":20,"37":20,"38":20,"39":20,"40":9,"41":11,"42":11,"43":4,"44":0,"45":0,"46":0,"47":0,"48":0,"49":0,"50":0,"51":0,"52":4,"53":10,"54":4,"55":5,"56":5,"57":2,"58":2,"59":3,"60":3,"61":0,"62":3,"63":4},"f":{"0":10,"1":8,"2":13,"3":8,"4":20,"5":0,"6":10,"7":5},"b":{"0":[5,3,2],"1":[5,2],"2":[3,1],"3":[1,7],"4":[5,2],"5":[5,5],"6":[5,5],"7":[2,2],"8":[2,2],"9":[2,5],"10":[0,5],"11":[5,0],"12":[0,0],"13":[0,0],"14":[0,7],"15":[0,0],"16":[0,0],"17":[0,0],"18":[20,11],"19":[9,11],"20":[11,0],"21":[0,0],"22":[0,0],"23":[8],"24":[2,3],"25":[2,1],"26":[1,1],"27":[2,2]}}
}
