TN:
SF:src/providers/gemini.ts
FN:24,transcribeWithGemini
FNF:1
FNH:1
FNDA:10,transcribeWithGemini
DA:6,1
DA:8,1
DA:24,1
DA:29,10
DA:30,10
DA:32,10
DA:34,10
DA:36,10
DA:67,10
DA:68,10
DA:77,1
DA:80,9
DA:81,1
DA:82,1
DA:83,1
DA:84,1
DA:87,0
DA:89,1
DA:92,8
DA:94,8
DA:95,1
DA:98,7
DA:101,7
DA:102,7
DA:105,7
DA:106,7
DA:107,7
DA:110,7
DA:111,0
DA:113,0
DA:117,7
LF:31
LH:28
BRDA:80,0,0,1
BRDA:80,0,1,8
BRDA:84,1,0,1
BRDA:84,1,1,0
BRDA:84,2,0,0
BRDA:84,2,1,1
BRDA:84,3,0,1
BRDA:84,3,1,1
BRDA:87,4,0,0
BRDA:87,4,1,0
BRDA:94,5,0,1
BRDA:94,5,1,7
BRDA:94,6,0,8
BRDA:94,6,1,8
BRDA:94,7,0,1
BRDA:94,7,1,7
BRDA:94,8,0,8
BRDA:94,8,1,8
BRDA:94,9,0,1
BRDA:94,9,1,7
BRDA:94,10,0,8
BRDA:94,10,1,8
BRDA:94,11,0,1
BRDA:94,11,1,7
BRDA:94,12,0,8
BRDA:94,12,1,8
BRDA:94,13,0,1
BRDA:94,13,1,7
BRDA:94,14,0,8
BRDA:94,14,1,8
BRDA:101,15,0,7
BRDA:101,15,1,1
BRDA:101,15,2,1
BRDA:105,16,0,7
BRDA:105,16,1,0
BRDA:110,17,0,0
BRDA:110,17,1,7
BRF:37
BRH:31
end_of_record
TN:
SF:src/providers/openai.ts
FN:23,transcribeWithOpenAI
FN:82,generateExtrasWithOpenAI
FNF:2
FNH:2
FNDA:10,transcribeWithOpenAI
FNDA:8,generateExtrasWithOpenAI
DA:8,1
DA:23,1
DA:28,10
DA:29,10
DA:31,10
DA:32,10
DA:33,10
DA:35,10
DA:37,10
DA:39,10
DA:41,10
DA:49,10
DA:50,1
DA:51,1
DA:54,9
DA:55,9
DA:58,9
DA:59,9
DA:62,9
DA:63,0
DA:64,0
DA:67,9
DA:68,8
DA:69,7
DA:71,1
DA:86,8
DA:95,8
DA:96,0
DA:99,8
DA:101,8
DA:129,8
DA:130,1
DA:133,7
DA:134,7
DA:137,7
LF:35
LH:32
BRDA:49,0,0,1
BRDA:49,0,1,9
BRDA:51,1,0,1
BRDA:51,1,1,0
BRDA:51,2,0,0
BRDA:51,2,1,1
BRDA:51,3,0,1
BRDA:51,3,1,1
BRDA:62,4,0,0
BRDA:62,4,1,9
BRDA:67,5,0,8
BRDA:67,5,1,1
BRDA:67,6,0,9
BRDA:67,6,1,1
BRDA:67,6,2,1
BRDA:95,7,0,0
BRDA:95,7,1,8
BRDA:110,8,0,0
BRDA:110,8,1,8
BRDA:110,9,0,8
BRDA:110,9,1,0
BRDA:110,9,2,0
BRDA:113,10,0,0
BRDA:113,10,1,0
BRDA:122,11,0,0
BRDA:122,11,1,8
BRDA:123,12,0,8
BRDA:123,12,1,0
BRDA:124,13,0,0
BRDA:124,13,1,0
BRDA:129,14,0,1
BRDA:129,14,1,7
BRF:32
BRH:19
end_of_record
TN:
SF:src/settings/SettingsTab.ts
FN:9,(anonymous_0)
FN:17,(anonymous_1)
FN:20,(anonymous_2)
FN:26,(anonymous_3)
FN:39,(anonymous_4)
FN:40,(anonymous_5)
FN:44,(anonymous_6)
FN:44,(anonymous_7)
FN:72,(anonymous_8)
FN:84,(anonymous_9)
FN:93,(anonymous_10)
FN:96,(anonymous_11)
FN:96,(anonymous_12)
FN:104,(anonymous_13)
FN:114,(anonymous_14)
FN:115,(anonymous_15)
FN:119,(anonymous_16)
FN:119,(anonymous_17)
FN:132,(anonymous_18)
FN:135,(anonymous_19)
FN:135,(anonymous_20)
FN:145,(anonymous_21)
FN:145,(anonymous_22)
FN:158,(anonymous_23)
FN:158,(anonymous_24)
FN:162,(anonymous_25)
FN:162,(anonymous_26)
FN:182,(anonymous_27)
FN:185,(anonymous_28)
FN:185,(anonymous_29)
FN:195,(anonymous_30)
FN:195,(anonymous_31)
FN:208,(anonymous_32)
FN:208,(anonymous_33)
FN:212,(anonymous_34)
FN:212,(anonymous_35)
FN:268,(anonymous_36)
FN:270,(anonymous_37)
FN:270,(anonymous_38)
FN:281,(anonymous_39)
FN:290,(anonymous_40)
FN:296,(anonymous_41)
FN:296,(anonymous_42)
FN:305,(anonymous_43)
FN:331,(anonymous_44)
FN:338,(anonymous_45)
FN:338,(anonymous_46)
FN:355,(anonymous_47)
FN:358,(anonymous_48)
FN:358,(anonymous_49)
FN:371,(anonymous_50)
FN:373,(anonymous_51)
FN:373,(anonymous_52)
FN:383,(anonymous_53)
FN:401,(anonymous_54)
FN:403,(anonymous_55)
FN:403,(anonymous_56)
FN:413,(anonymous_57)
FNF:58
FNH:1
FNDA:9,(anonymous_0)
FNDA:0,(anonymous_1)
FNDA:0,(anonymous_2)
FNDA:0,(anonymous_3)
FNDA:0,(anonymous_4)
FNDA:0,(anonymous_5)
FNDA:0,(anonymous_6)
FNDA:0,(anonymous_7)
FNDA:0,(anonymous_8)
FNDA:0,(anonymous_9)
FNDA:0,(anonymous_10)
FNDA:0,(anonymous_11)
FNDA:0,(anonymous_12)
FNDA:0,(anonymous_13)
FNDA:0,(anonymous_14)
FNDA:0,(anonymous_15)
FNDA:0,(anonymous_16)
FNDA:0,(anonymous_17)
FNDA:0,(anonymous_18)
FNDA:0,(anonymous_19)
FNDA:0,(anonymous_20)
FNDA:0,(anonymous_21)
FNDA:0,(anonymous_22)
FNDA:0,(anonymous_23)
FNDA:0,(anonymous_24)
FNDA:0,(anonymous_25)
FNDA:0,(anonymous_26)
FNDA:0,(anonymous_27)
FNDA:0,(anonymous_28)
FNDA:0,(anonymous_29)
FNDA:0,(anonymous_30)
FNDA:0,(anonymous_31)
FNDA:0,(anonymous_32)
FNDA:0,(anonymous_33)
FNDA:0,(anonymous_34)
FNDA:0,(anonymous_35)
FNDA:0,(anonymous_36)
FNDA:0,(anonymous_37)
FNDA:0,(anonymous_38)
FNDA:0,(anonymous_39)
FNDA:0,(anonymous_40)
FNDA:0,(anonymous_41)
FNDA:0,(anonymous_42)
FNDA:0,(anonymous_43)
FNDA:0,(anonymous_44)
FNDA:0,(anonymous_45)
FNDA:0,(anonymous_46)
FNDA:0,(anonymous_47)
FNDA:0,(anonymous_48)
FNDA:0,(anonymous_49)
FNDA:0,(anonymous_50)
FNDA:0,(anonymous_51)
FNDA:0,(anonymous_52)
FNDA:0,(anonymous_53)
FNDA:0,(anonymous_54)
FNDA:0,(anonymous_55)
FNDA:0,(anonymous_56)
FNDA:0,(anonymous_57)
DA:1,2
DA:2,2
DA:3,2
DA:6,2
DA:10,9
DA:11,9
DA:18,0
DA:19,0
DA:20,0
DA:32,0
DA:33,0
DA:36,0
DA:40,0
DA:41,0
DA:43,0
DA:44,0
DA:45,0
DA:46,0
DA:51,0
DA:52,0
DA:53,0
DA:57,0
DA:58,0
DA:59,0
DA:60,0
DA:62,0
DA:81,0
DA:84,0
DA:90,0
DA:93,0
DA:96,0
DA:97,0
DA:98,0
DA:99,0
DA:105,0
DA:107,0
DA:109,0
DA:111,0
DA:115,0
DA:116,0
DA:118,0
DA:119,0
DA:120,0
DA:121,0
DA:122,0
DA:126,0
DA:128,0
DA:129,0
DA:132,0
DA:135,0
DA:136,0
DA:137,0
DA:141,0
DA:145,0
DA:146,0
DA:147,0
DA:152,0
DA:153,0
DA:158,0
DA:159,0
DA:160,0
DA:162,0
DA:163,0
DA:164,0
DA:169,0
DA:178,0
DA:179,0
DA:182,0
DA:185,0
DA:186,0
DA:187,0
DA:191,0
DA:195,0
DA:196,0
DA:197,0
DA:202,0
DA:203,0
DA:208,0
DA:209,0
DA:210,0
DA:212,0
DA:213,0
DA:214,0
DA:219,0
DA:234,0
DA:236,0
DA:238,0
DA:239,0
DA:242,0
DA:243,0
DA:244,0
DA:245,0
DA:246,0
DA:248,0
DA:249,0
DA:250,0
DA:251,0
DA:253,0
DA:254,0
DA:257,0
DA:258,0
DA:259,0
DA:263,0
DA:267,0
DA:268,0
DA:270,0
DA:271,0
DA:272,0
DA:273,0
DA:277,0
DA:278,0
DA:279,0
DA:281,0
DA:286,0
DA:287,0
DA:290,0
DA:296,0
DA:297,0
DA:298,0
DA:302,0
DA:307,0
DA:308,0
DA:311,0
DA:331,0
DA:332,0
DA:335,0
DA:337,0
DA:338,0
DA:340,0
DA:341,0
DA:342,0
DA:344,0
DA:345,0
DA:346,0
DA:351,0
DA:352,0
DA:355,0
DA:358,0
DA:359,0
DA:360,0
DA:366,0
DA:370,0
DA:371,0
DA:373,0
DA:374,0
DA:375,0
DA:379,0
DA:380,0
DA:381,0
DA:383,0
DA:388,0
DA:389,0
DA:396,0
DA:400,0
DA:401,0
DA:403,0
DA:404,0
DA:405,0
DA:409,0
DA:410,0
DA:411,0
DA:413,0
DA:418,0
DA:419,0
DA:425,0
DA:427,0
DA:431,0
DA:432,0
DA:433,0
DA:434,0
DA:436,0
DA:437,0
LF:172
LH:6
BRDA:19,0,0,0
BRDA:19,0,1,0
BRDA:20,1,0,0
BRDA:20,1,1,0
BRDA:33,2,0,0
BRDA:33,2,1,0
BRDA:37,3,0,0
BRDA:37,3,1,0
BRDA:37,4,0,0
BRDA:37,4,1,0
BRDA:52,5,0,0
BRDA:52,5,1,0
BRDA:52,6,0,0
BRDA:52,6,1,0
BRDA:64,7,0,0
BRDA:64,7,1,0
BRDA:83,8,0,0
BRDA:83,8,1,0
BRDA:83,9,0,0
BRDA:83,9,1,0
BRDA:86,10,0,0
BRDA:86,10,1,0
BRDA:95,11,0,0
BRDA:95,11,1,0
BRDA:95,12,0,0
BRDA:95,12,1,0
BRDA:95,13,0,0
BRDA:95,13,1,0
BRDA:98,14,0,0
BRDA:98,14,1,0
BRDA:98,15,0,0
BRDA:98,15,1,0
BRDA:128,16,0,0
BRDA:128,16,1,0
BRDA:152,17,0,0
BRDA:152,17,1,0
BRDA:178,18,0,0
BRDA:178,18,1,0
BRDA:202,19,0,0
BRDA:202,19,1,0
BRDA:238,20,0,0
BRDA:238,20,1,0
BRDA:249,21,0,0
BRDA:249,21,1,0
BRDA:255,22,0,0
BRDA:255,22,1,0
BRDA:255,23,0,0
BRDA:255,23,1,0
BRDA:255,24,0,0
BRDA:255,24,1,0
BRDA:265,25,0,0
BRDA:265,25,1,0
BRDA:267,26,0,0
BRDA:267,26,1,0
BRDA:277,27,0,0
BRDA:277,27,1,0
BRDA:286,28,0,0
BRDA:286,28,1,0
BRDA:286,29,0,0
BRDA:286,29,1,0
BRDA:340,30,0,0
BRDA:340,30,1,0
BRDA:351,31,0,0
BRDA:351,31,1,0
BRDA:357,32,0,0
BRDA:357,32,1,0
BRDA:368,33,0,0
BRDA:368,33,1,0
BRDA:370,34,0,0
BRDA:370,34,1,0
BRDA:379,35,0,0
BRDA:379,35,1,0
BRDA:388,36,0,0
BRDA:388,36,1,0
BRDA:388,37,0,0
BRDA:388,37,1,0
BRDA:398,38,0,0
BRDA:398,38,1,0
BRDA:400,39,0,0
BRDA:400,39,1,0
BRDA:409,40,0,0
BRDA:409,40,1,0
BRDA:418,41,0,0
BRDA:418,41,1,0
BRDA:418,42,0,0
BRDA:418,42,1,0
BRF:86
BRH:0
end_of_record
TN:
SF:src/utils/fallback.ts
FN:26,generateGenericSummaryAndTags
FN:54,(anonymous_1)
FN:96,(anonymous_2)
FN:102,(anonymous_3)
FN:115,(anonymous_4)
FN:119,(anonymous_5)
FN:127,(anonymous_6)
FN:129,(anonymous_7)
FNF:8
FNH:8
FNDA:10,generateGenericSummaryAndTags
FNDA:56,(anonymous_1)
FNDA:4,(anonymous_2)
FNDA:2,(anonymous_3)
FNDA:403,(anonymous_4)
FNDA:240,(anonymous_5)
FNDA:266,(anonymous_6)
FNDA:42,(anonymous_7)
DA:6,3
DA:26,3
DA:30,10
DA:34,10
DA:35,10
DA:42,0
DA:46,10
DA:47,1
DA:48,1
DA:50,1
DA:54,56
DA:56,9
DA:57,0
DA:58,0
DA:60,0
DA:64,9
DA:66,9
DA:68,1
DA:69,1
DA:71,6
DA:72,6
DA:74,1
DA:75,1
DA:77,1
DA:78,1
DA:80,0
DA:84,9
DA:85,9
DA:87,9
DA:88,2
DA:91,9
DA:92,1
DA:93,1
DA:94,4
DA:96,4
DA:99,9
DA:101,1
DA:102,2
DA:105,8
DA:110,9
DA:112,9
DA:115,403
DA:118,9
DA:119,9
DA:120,240
DA:121,226
DA:126,9
DA:127,266
DA:129,42
DA:130,9
DA:134,9
DA:136,0
DA:137,0
DA:138,0
DA:140,0
DA:142,0
DA:143,0
DA:144,0
DA:145,0
DA:149,0
DA:150,0
DA:153,0
DA:157,9
LF:63
LH:47
BRDA:34,0,0,10
BRDA:34,0,1,0
BRDA:46,1,0,1
BRDA:46,1,1,9
BRDA:46,2,0,10
BRDA:46,2,1,9
BRDA:47,3,0,1
BRDA:47,3,1,0
BRDA:56,4,0,0
BRDA:56,4,1,9
BRDA:57,5,0,0
BRDA:57,5,1,0
BRDA:64,6,0,9
BRDA:64,6,1,0
BRDA:66,7,0,1
BRDA:66,7,1,6
BRDA:66,7,2,1
BRDA:66,7,3,1
BRDA:66,7,4,0
BRDA:87,8,0,2
BRDA:87,8,1,7
BRDA:87,9,0,9
BRDA:87,9,1,2
BRDA:91,10,0,1
BRDA:91,10,1,8
BRDA:93,11,0,5
BRDA:93,11,1,5
BRDA:99,12,0,1
BRDA:99,12,1,8
BRDA:110,13,0,9
BRDA:110,13,1,0
BRDA:120,14,0,226
BRDA:120,14,1,14
BRDA:121,15,0,226
BRDA:121,15,1,148
BRDA:134,16,0,0
BRDA:134,16,1,9
BRDA:140,17,0,0
BRDA:140,17,1,0
BRDA:144,18,0,0
BRDA:144,18,1,0
BRF:41
BRH:28
end_of_record
TN:
SF:src/utils/formatters.ts
FN:12,formatTagsAsObsidianTags
FN:13,(anonymous_1)
FN:22,(anonymous_2)
FN:31,arrayBufferToBase64
FN:47,getMimeType
FNF:5
FNH:5
FNDA:29,formatTagsAsObsidianTags
FNDA:105,(anonymous_1)
FNDA:105,(anonymous_2)
FNDA:14,arrayBufferToBase64
FNDA:30,getMimeType
DA:12,5
DA:13,29
DA:15,105
DA:22,105
DA:31,5
DA:32,14
DA:33,14
DA:34,14
DA:35,14
DA:36,1058833
DA:38,14
DA:47,5
DA:48,30
DA:54,30
LF:14
LH:14
BRDA:54,0,0,30
BRDA:54,0,1,3
BRF:2
BRH:2
end_of_record
TN:
SF:src/utils/output.ts
FN:14,formatTranscriptionOutput
FN:24,(anonymous_1)
FN:40,formatTagsForDisplay
FN:41,(anonymous_3)
FN:50,formatDiagramOutput
FNF:5
FNH:5
FNDA:5,formatTranscriptionOutput
FNDA:3,(anonymous_1)
FNDA:6,formatTagsForDisplay
FNDA:12,(anonymous_3)
FNDA:5,formatDiagramOutput
DA:14,3
DA:15,5
DA:17,5
DA:18,2
DA:20,3
DA:23,5
DA:24,3
DA:27,5
DA:28,1
DA:31,5
DA:40,3
DA:41,12
DA:50,3
DA:51,5
LF:14
LH:14
BRDA:17,0,0,2
BRDA:17,0,1,3
BRDA:17,1,0,5
BRDA:17,1,1,4
BRDA:23,2,0,1
BRDA:23,2,1,4
BRDA:23,3,0,5
BRDA:23,3,1,4
BRDA:23,3,2,1
BRDA:27,4,0,1
BRDA:27,4,1,4
BRDA:27,5,0,5
BRDA:27,5,1,4
BRF:13
BRH:13
end_of_record
TN:
SF:src/utils/parsers.ts
FN:13,parseClaudeResponse
FN:27,(anonymous_1)
FN:28,(anonymous_2)
FN:50,parseGeneralResponse
FN:73,(anonymous_4)
FN:74,(anonymous_5)
FNF:6
FNH:6
FNDA:13,parseClaudeResponse
FNDA:15,(anonymous_1)
FNDA:15,(anonymous_2)
FNDA:13,parseGeneralResponse
FNDA:8,(anonymous_4)
FNDA:8,(anonymous_5)
DA:5,3
DA:13,3
DA:14,13
DA:16,13
DA:17,13
DA:18,13
DA:20,13
DA:21,9
DA:24,13
DA:25,5
DA:26,5
DA:27,15
DA:28,15
DA:30,5
DA:33,13
DA:34,3
DA:40,13
DA:50,3
DA:56,13
DA:57,3
DA:60,10
DA:61,10
DA:62,10
DA:63,10
DA:65,10
DA:66,10
DA:69,10
DA:70,4
DA:72,4
DA:73,8
DA:74,8
DA:76,4
DA:80,10
DA:81,3
DA:87,10
LF:35
LH:35
BRDA:20,0,0,9
BRDA:20,0,1,4
BRDA:24,1,0,5
BRDA:24,1,1,8
BRDA:33,2,0,3
BRDA:33,2,1,10
BRDA:56,3,0,3
BRDA:56,3,1,10
BRDA:65,4,0,10
BRDA:65,4,1,2
BRDA:65,5,0,2
BRDA:65,5,1,8
BRDA:65,6,0,10
BRDA:65,6,1,10
BRDA:65,7,0,2
BRDA:65,7,1,8
BRDA:65,8,0,10
BRDA:65,8,1,8
BRDA:66,9,0,6
BRDA:66,9,1,4
BRDA:66,10,0,10
BRDA:66,10,1,10
BRDA:66,11,0,6
BRDA:66,11,1,4
BRDA:66,12,0,10
BRDA:66,12,1,4
BRDA:69,13,0,4
BRDA:69,13,1,6
BRDA:80,14,0,3
BRDA:80,14,1,7
BRF:30
BRH:30
end_of_record
TN:
SF:src/utils/prompts.ts
FN:24,getLanguageInstruction
FN:64,getStrongLanguageInstruction
FN:115,getSummaryPrompt
FN:136,getTranscriptionPrompt
FN:208,buildClaudePrompt
FN:268,generateOpenAIExtrasPrompt
FNF:6
FNH:6
FNDA:39,getLanguageInstruction
FNDA:41,getStrongLanguageInstruction
FNDA:42,getSummaryPrompt
FNDA:21,getTranscriptionPrompt
FNDA:5,buildClaudePrompt
FNDA:15,generateOpenAIExtrasPrompt
DA:25,39
DA:26,33
DA:29,6
DA:30,1
DA:33,5
DA:53,5
DA:54,5
DA:65,41
DA:66,35
DA:69,6
DA:70,6
DA:71,6
DA:72,1
DA:73,1
DA:75,5
DA:94,5
DA:102,5
DA:103,5
DA:106,6
DA:115,3
DA:116,42
DA:118,2
DA:120,33
DA:122,2
DA:124,4
DA:126,1
DA:136,3
DA:137,21
DA:140,21
DA:141,21
DA:143,4
DA:146,21
DA:148,21
DA:149,19
DA:151,19
DA:153,19
DA:154,19
DA:155,19
DA:156,6
DA:158,13
DA:162,19
DA:163,19
DA:164,6
DA:166,13
DA:170,19
DA:171,19
DA:172,6
DA:174,13
DA:178,19
DA:179,19
DA:181,19
DA:182,19
DA:183,19
DA:186,19
DA:187,19
DA:188,19
DA:191,19
DA:192,19
DA:193,19
DA:196,2
DA:199,21
DA:208,3
DA:209,5
DA:210,5
DA:213,5
DA:214,5
DA:216,1
DA:217,1
DA:220,5
DA:221,5
DA:222,5
DA:223,4
DA:225,1
DA:229,5
DA:230,4
DA:231,3
DA:233,1
DA:237,5
DA:238,4
DA:239,3
DA:241,1
DA:245,5
DA:246,5
DA:247,5
DA:248,5
DA:250,5
DA:251,4
DA:253,5
DA:254,4
DA:258,5
DA:268,3
DA:269,15
DA:270,15
DA:273,15
DA:274,15
DA:276,1
DA:277,1
DA:280,15
DA:281,13
DA:282,13
DA:283,4
DA:285,9
DA:289,15
DA:290,14
DA:291,5
DA:293,9
DA:297,15
DA:298,13
DA:299,4
DA:301,9
DA:305,15
DA:306,1
DA:309,14
DA:310,14
DA:311,13
DA:313,14
DA:314,14
DA:316,14
DA:317,13
DA:320,14
DA:322,14
LF:121
LH:121
BRDA:25,0,0,33
BRDA:25,0,1,6
BRDA:25,1,0,39
BRDA:25,1,1,22
BRDA:25,1,2,6
BRDA:29,2,0,1
BRDA:29,2,1,5
BRDA:29,3,0,6
BRDA:29,3,1,1
BRDA:54,4,0,5
BRDA:54,4,1,0
BRDA:65,5,0,35
BRDA:65,5,1,6
BRDA:65,6,0,41
BRDA:65,6,1,23
BRDA:65,6,2,6
BRDA:71,7,0,1
BRDA:71,7,1,5
BRDA:71,8,0,6
BRDA:71,8,1,1
BRDA:102,9,0,5
BRDA:102,9,1,0
BRDA:103,10,0,5
BRDA:103,10,1,1
BRDA:106,11,0,6
BRDA:106,11,1,0
BRDA:116,12,0,2
BRDA:116,12,1,33
BRDA:116,12,2,2
BRDA:116,12,3,4
BRDA:116,12,4,1
BRDA:141,13,0,4
BRDA:141,13,1,17
BRDA:141,14,0,21
BRDA:141,14,1,4
BRDA:141,14,2,4
BRDA:141,14,3,4
BRDA:141,14,4,0
BRDA:141,14,5,0
BRDA:148,15,0,19
BRDA:148,15,1,2
BRDA:148,16,0,21
BRDA:148,16,1,2
BRDA:148,16,2,2
BRDA:153,17,0,19
BRDA:153,17,1,0
BRDA:155,18,0,6
BRDA:155,18,1,13
BRDA:155,19,0,19
BRDA:155,19,1,13
BRDA:162,20,0,19
BRDA:162,20,1,0
BRDA:163,21,0,6
BRDA:163,21,1,13
BRDA:163,22,0,19
BRDA:163,22,1,13
BRDA:170,23,0,19
BRDA:170,23,1,0
BRDA:171,24,0,6
BRDA:171,24,1,13
BRDA:171,25,0,19
BRDA:171,25,1,13
BRDA:181,26,0,19
BRDA:181,26,1,0
BRDA:182,27,0,13
BRDA:182,27,1,6
BRDA:182,28,0,19
BRDA:182,28,1,13
BRDA:183,29,0,1
BRDA:183,29,1,18
BRDA:186,30,0,19
BRDA:186,30,1,0
BRDA:187,31,0,13
BRDA:187,31,1,6
BRDA:187,32,0,19
BRDA:187,32,1,13
BRDA:191,33,0,19
BRDA:191,33,1,0
BRDA:192,34,0,13
BRDA:192,34,1,6
BRDA:192,35,0,19
BRDA:192,35,1,13
BRDA:214,36,0,1
BRDA:214,36,1,4
BRDA:214,37,0,5
BRDA:214,37,1,1
BRDA:214,37,2,1
BRDA:214,37,3,1
BRDA:214,37,4,0
BRDA:214,37,5,0
BRDA:220,38,0,5
BRDA:220,38,1,0
BRDA:222,39,0,4
BRDA:222,39,1,1
BRDA:222,40,0,5
BRDA:222,40,1,1
BRDA:229,41,0,4
BRDA:229,41,1,1
BRDA:230,42,0,3
BRDA:230,42,1,1
BRDA:230,43,0,4
BRDA:230,43,1,1
BRDA:237,44,0,4
BRDA:237,44,1,1
BRDA:238,45,0,3
BRDA:238,45,1,1
BRDA:238,46,0,4
BRDA:238,46,1,1
BRDA:245,47,0,5
BRDA:245,47,1,0
BRDA:245,48,0,5
BRDA:245,48,1,0
BRDA:245,48,2,0
BRDA:247,49,0,5
BRDA:247,49,1,0
BRDA:248,50,0,1
BRDA:248,50,1,4
BRDA:250,51,0,4
BRDA:250,51,1,1
BRDA:253,52,0,4
BRDA:253,52,1,1
BRDA:274,53,0,1
BRDA:274,53,1,14
BRDA:274,54,0,15
BRDA:274,54,1,1
BRDA:274,54,2,1
BRDA:274,54,3,1
BRDA:274,54,4,0
BRDA:274,54,5,0
BRDA:280,55,0,13
BRDA:280,55,1,2
BRDA:282,56,0,4
BRDA:282,56,1,9
BRDA:282,57,0,13
BRDA:282,57,1,9
BRDA:289,58,0,14
BRDA:289,58,1,1
BRDA:290,59,0,5
BRDA:290,59,1,9
BRDA:290,60,0,14
BRDA:290,60,1,9
BRDA:297,61,0,13
BRDA:297,61,1,2
BRDA:298,62,0,4
BRDA:298,62,1,9
BRDA:298,63,0,13
BRDA:298,63,1,9
BRDA:305,64,0,1
BRDA:305,64,1,14
BRDA:310,65,0,13
BRDA:310,65,1,1
BRDA:311,66,0,1
BRDA:311,66,1,12
BRDA:313,67,0,14
BRDA:313,67,1,0
BRDA:316,68,0,13
BRDA:316,68,1,1
BRF:157
BRH:136
end_of_record
TN:
SF:src/utils/providers.ts
FN:56,(anonymous_0)
FN:16,isModelGeneralist
FN:32,isProviderGeneralist
FN:42,getProviderConfig
FN:51,getAllProviders
FNF:5
FNH:3
FNDA:0,(anonymous_0)
FNDA:0,isModelGeneralist
FNDA:6,isProviderGeneralist
FNDA:8,getProviderConfig
FNDA:4,getAllProviders
DA:6,3
DA:7,3
DA:16,3
DA:17,0
DA:18,0
DA:19,0
DA:22,0
DA:32,3
DA:33,6
DA:42,3
DA:43,8
DA:51,3
DA:52,4
DA:56,3
LF:14
LH:10
BRDA:33,0,0,6
BRDA:33,0,1,4
BRDA:33,1,0,4
BRDA:33,1,1,2
BRDA:33,2,0,6
BRDA:33,2,1,6
BRF:6
BRH:6
end_of_record
TN:
SF:src/utils/transcription-cleaner.ts
FN:12,cleanRepetitiveText
FN:58,findLongestRepetitivePattern
FN:67,(anonymous_2)
FN:75,(anonymous_3)
FN:102,cleanPhrasalRepetitions
FN:118,cleanRepeatedPhrases
FN:173,detectHallucination
FN:184,(anonymous_7)
FN:212,calculateRepetitiveScore
FN:239,findMaxConsecutivePatternRepetitions
FN:261,cleanTranscription
FNF:11
FNH:9
FNDA:29,cleanRepetitiveText
FNDA:380,findLongestRepetitivePattern
FNDA:12881,(anonymous_2)
FNDA:6754,(anonymous_3)
FNDA:0,cleanPhrasalRepetitions
FNDA:0,cleanRepeatedPhrases
FNDA:29,detectHallucination
FNDA:206,(anonymous_7)
FNDA:7,calculateRepetitiveScore
FNDA:3,findMaxConsecutivePatternRepetitions
FNDA:24,cleanTranscription
DA:12,3
DA:13,29
DA:14,2
DA:18,27
DA:19,27
DA:22,27
DA:23,27
DA:24,129
DA:26,129
DA:28,10
DA:31,10
DA:32,29
DA:36,10
DA:39,10
DA:42,119
DA:43,119
DA:47,27
DA:62,380
DA:65,380
DA:66,2691
DA:67,12881
DA:70,2691
DA:71,2691
DA:73,2691
DA:74,1948
DA:75,6754
DA:77,1948
DA:78,361
DA:79,361
DA:81,1587
DA:86,2691
DA:88,2498
DA:92,380
DA:104,0
DA:105,0
DA:107,0
DA:119,0
DA:120,0
DA:122,0
DA:123,0
DA:124,0
DA:126,0
DA:127,0
DA:130,0
DA:131,0
DA:134,0
DA:135,0
DA:137,0
DA:138,0
DA:139,0
DA:141,0
DA:142,0
DA:143,0
DA:145,0
DA:149,0
DA:151,0
DA:152,0
DA:154,0
DA:155,0
DA:158,0
DA:159,0
DA:163,0
DA:173,3
DA:174,29
DA:175,2
DA:178,27
DA:179,27
DA:180,17
DA:184,206
DA:185,10
DA:187,10
DA:188,3
DA:192,7
DA:193,7
DA:194,4
DA:198,3
DA:199,3
DA:200,0
DA:203,3
DA:213,7
DA:214,7
DA:217,7
DA:218,7
DA:219,76
DA:221,76
DA:223,5
DA:224,5
DA:226,71
DA:230,7
DA:240,3
DA:243,3
DA:244,41
DA:245,175
DA:246,175
DA:247,4
DA:252,3
DA:261,3
DA:262,24
DA:263,1
DA:266,23
DA:267,23
DA:269,23
LF:102
LH:72
BRDA:12,0,0,2
BRDA:13,1,0,2
BRDA:13,1,1,27
BRDA:13,2,0,29
BRDA:13,2,1,28
BRDA:26,3,0,10
BRDA:26,3,1,119
BRDA:26,4,0,129
BRDA:26,4,1,129
BRDA:77,5,0,361
BRDA:77,5,1,1587
BRDA:86,6,0,2498
BRDA:86,6,1,193
BRDA:86,7,0,2691
BRDA:86,7,1,2308
BRDA:86,7,2,2115
BRDA:124,8,0,0
BRDA:124,8,1,0
BRDA:141,9,0,0
BRDA:141,9,1,0
BRDA:149,10,0,0
BRDA:149,10,1,0
BRDA:173,11,0,28
BRDA:174,12,0,2
BRDA:174,12,1,27
BRDA:174,13,0,29
BRDA:174,13,1,28
BRDA:179,14,0,17
BRDA:179,14,1,10
BRDA:187,15,0,3
BRDA:187,15,1,7
BRDA:193,16,0,4
BRDA:193,16,1,3
BRDA:199,17,0,0
BRDA:199,17,1,3
BRDA:221,18,0,5
BRDA:221,18,1,71
BRDA:246,19,0,4
BRDA:246,19,1,171
BRDA:262,20,0,1
BRDA:262,20,1,23
BRDA:262,21,0,24
BRDA:262,21,1,23
BRF:43
BRH:36
end_of_record
TN:
SF:src/utils/validation.ts
FN:15,getApiKeyForProvider
FN:33,getModelConfigForProvider
FN:58,(anonymous_2)
FN:86,getModelForProvider
FN:108,extractMediaFileName
FN:130,validateFileSizeForModel
FN:164,validateFileSize
FN:175,validateProviderRequirements
FNF:8
FNH:7
FNDA:10,getApiKeyForProvider
FNDA:8,getModelConfigForProvider
FNDA:13,(anonymous_2)
FNDA:8,getModelForProvider
FNDA:20,extractMediaFileName
FNDA:0,validateFileSizeForModel
FNDA:10,validateFileSize
FNDA:5,validateProviderRequirements
DA:6,4
DA:15,4
DA:16,10
DA:18,5
DA:20,3
DA:22,2
DA:33,4
DA:34,8
DA:35,8
DA:36,1
DA:39,7
DA:40,7
DA:41,7
DA:44,7
DA:46,5
DA:47,5
DA:48,5
DA:49,5
DA:51,2
DA:52,2
DA:53,2
DA:54,2
DA:58,13
DA:59,7
DA:61,2
DA:65,5
DA:66,0
DA:75,5
DA:86,4
DA:87,8
DA:90,7
DA:91,0
DA:93,0
DA:95,0
DA:99,7
DA:108,4
DA:109,20
DA:110,20
DA:112,20
DA:114,20
DA:115,9
DA:118,11
DA:119,11
DA:130,4
DA:135,0
DA:136,0
DA:137,0
DA:138,0
DA:140,0
DA:141,0
DA:148,0
DA:151,0
DA:164,4
DA:165,10
DA:175,4
DA:180,5
DA:182,5
DA:183,2
DA:184,2
DA:190,3
DA:191,3
DA:193,0
DA:199,3
LF:63
LH:50
BRDA:16,0,0,5
BRDA:16,0,1,3
BRDA:16,0,2,2
BRDA:18,1,0,5
BRDA:18,1,1,2
BRDA:20,2,0,3
BRDA:20,2,1,1
BRDA:35,3,0,1
BRDA:35,3,1,7
BRDA:44,4,0,5
BRDA:44,4,1,2
BRDA:47,5,0,5
BRDA:47,5,1,5
BRDA:48,6,0,5
BRDA:48,6,1,5
BRDA:52,7,0,2
BRDA:52,7,1,2
BRDA:53,8,0,2
BRDA:53,8,1,2
BRDA:59,9,0,2
BRDA:59,9,1,5
BRDA:65,10,0,0
BRDA:65,10,1,5
BRDA:65,11,0,5
BRDA:65,11,1,0
BRDA:71,12,0,0
BRDA:71,12,1,0
BRDA:71,13,0,0
BRDA:71,13,1,0
BRDA:90,14,0,0
BRDA:90,14,1,7
BRDA:91,15,0,0
BRDA:91,15,1,0
BRDA:93,16,0,0
BRDA:93,16,1,0
BRDA:95,17,0,0
BRDA:95,17,1,0
BRDA:112,18,0,20
BRDA:112,18,1,11
BRDA:114,19,0,9
BRDA:114,19,1,11
BRDA:119,20,0,11
BRDA:119,20,1,0
BRDA:140,21,0,0
BRDA:140,21,1,0
BRDA:151,22,0,0
BRDA:151,22,1,0
BRDA:164,23,0,8
BRDA:182,24,0,2
BRDA:182,24,1,3
BRDA:183,25,0,2
BRDA:183,25,1,1
BRDA:183,26,0,1
BRDA:183,26,1,1
BRDA:183,27,0,2
BRDA:183,27,1,2
BRF:56
BRH:38
end_of_record
